  [1m[35m (127.4ms)[0m  [1m[35mCREATE DATABASE "ninety_nine_cats_development" ENCODING = 'unicode'[0m
  [1m[35m (157.0ms)[0m  [1m[35mCREATE DATABASE "ninety_nine_cats_test" ENCODING = 'unicode'[0m
  [1m[35m (1.6ms)[0m  [1m[35mCREATE DATABASE "ninety_nine_cats_development" ENCODING = 'unicode'[0m
  [1m[35m (0.7ms)[0m  [1m[35mCREATE DATABASE "ninety_nine_cats_test" ENCODING = 'unicode'[0m
  [1m[35m (5.9ms)[0m  [1m[35mCREATE TABLE "schema_migrations" ("version" character varying NOT NULL PRIMARY KEY)[0m
  [1m[35m (2.6ms)[0m  [1m[35mCREATE TABLE "ar_internal_metadata" ("key" character varying NOT NULL PRIMARY KEY, "value" character varying, "created_at" timestamp(6) NOT NULL, "updated_at" timestamp(6) NOT NULL)[0m
  [1m[35m (0.2ms)[0m  [1m[34mSELECT pg_try_advisory_lock(723150122408807205)[0m
  [1m[36mActiveRecord::SchemaMigration Pluck (0.4ms)[0m  [1m[34mSELECT "schema_migrations"."version" FROM "schema_migrations" ORDER BY "schema_migrations"."version" ASC[0m
Migrating to CreateCats (20230113214217)
  [1m[36mTRANSACTION (0.1ms)[0m  [1m[35mBEGIN[0m
  [1m[35m (3.9ms)[0m  [1m[35mCREATE TABLE "cats" ("id" bigserial primary key, "birth_date" date NOT NULL, "color" character varying NOT NULL, "name" character varying NOT NULL, "sex" character varying(1) NOT NULL, "description" text, "created_at" timestamp(6) NOT NULL, "updated_at" timestamp(6) NOT NULL)[0m
  [1m[36mActiveRecord::SchemaMigration Create (0.5ms)[0m  [1m[32mINSERT INTO "schema_migrations" ("version") VALUES ($1) RETURNING "version"[0m  [["version", "20230113214217"]]
  [1m[36mTRANSACTION (0.4ms)[0m  [1m[35mCOMMIT[0m
  [1m[36mActiveRecord::InternalMetadata Load (0.3ms)[0m  [1m[34mSELECT "ar_internal_metadata".* FROM "ar_internal_metadata" WHERE "ar_internal_metadata"."key" = $1 LIMIT $2[0m  [["key", "environment"], ["LIMIT", 1]]
  [1m[36mTRANSACTION (0.3ms)[0m  [1m[35mBEGIN[0m
  [1m[36mActiveRecord::InternalMetadata Create (0.6ms)[0m  [1m[32mINSERT INTO "ar_internal_metadata" ("key", "value", "created_at", "updated_at") VALUES ($1, $2, $3, $4) RETURNING "key"[0m  [["key", "environment"], ["value", "development"], ["created_at", "2023-01-13 21:43:54.159700"], ["updated_at", "2023-01-13 21:43:54.159700"]]
  [1m[36mTRANSACTION (0.4ms)[0m  [1m[35mCOMMIT[0m
  [1m[35m (0.2ms)[0m  [1m[34mSELECT pg_advisory_unlock(723150122408807205)[0m
  [1m[36mActiveRecord::SchemaMigration Pluck (0.6ms)[0m  [1m[34mSELECT "schema_migrations"."version" FROM "schema_migrations" ORDER BY "schema_migrations"."version" ASC[0m
  [1m[36mActiveRecord::SchemaMigration Pluck (0.6ms)[0m  [1m[34mSELECT "schema_migrations"."version" FROM "schema_migrations" ORDER BY "schema_migrations"."version" ASC[0m
Started GET "/" for ::1 at 2023-01-13 14:51:34 -0800
  [1m[36mActiveRecord::SchemaMigration Pluck (0.7ms)[0m  [1m[34mSELECT "schema_migrations"."version" FROM "schema_migrations" ORDER BY "schema_migrations"."version" ASC[0m
Processing by CatsController#index as HTML
  Rendering layout layouts/application.html.erb
  Rendering cats/index.html.erb within layouts/application
  [1m[36mCat Load (1.5ms)[0m  [1m[34mSELECT "cats".* FROM "cats"[0m
  ↳ app/views/cats/index.html.erb:1
  Rendered cats/index.html.erb within layouts/application (Duration: 5.6ms | Allocations: 1238)
  Rendered layout layouts/application.html.erb (Duration: 32.1ms | Allocations: 8074)
Completed 200 OK in 44ms (Views: 39.3ms | ActiveRecord: 1.5ms | Allocations: 11313)


Started GET "/" for ::1 at 2023-01-13 15:34:28 -0800
  [1m[36mActiveRecord::SchemaMigration Pluck (0.9ms)[0m  [1m[34mSELECT "schema_migrations"."version" FROM "schema_migrations" ORDER BY "schema_migrations"."version" ASC[0m
Processing by CatsController#index as HTML
  Rendering layout layouts/application.html.erb
  Rendering cats/index.html.erb within layouts/application
  [1m[36mCat Load (0.8ms)[0m  [1m[34mSELECT "cats".* FROM "cats"[0m
  ↳ app/views/cats/index.html.erb:1
  Rendered cats/index.html.erb within layouts/application (Duration: 3.9ms | Allocations: 1238)
  Rendered layout layouts/application.html.erb (Duration: 15.5ms | Allocations: 4970)
Completed 200 OK in 28ms (Views: 24.2ms | ActiveRecord: 0.8ms | Allocations: 8210)


Started GET "/cats/new" for ::1 at 2023-01-13 15:34:35 -0800
Processing by CatsController#new as HTML
  Rendering layout layouts/application.html.erb
  Rendering cats/new.html.erb within layouts/application
  Rendered cats/_form.html.erb (Duration: 15.7ms | Allocations: 6639)
  Rendered cats/new.html.erb within layouts/application (Duration: 16.9ms | Allocations: 6917)
  Rendered layout layouts/application.html.erb (Duration: 17.2ms | Allocations: 7002)
Completed 500 Internal Server Error in 33ms (ActiveRecord: 5.5ms | Allocations: 12825)



NameError - undefined local variable or method `type' for #<ActionView::Base:0x00000000004498>:
  app/views/cats/_form.html.erb:1
  app/views/cats/new.html.erb:2
  app/controllers/cats_controller.rb:34:in `new'

Started POST "/__better_errors/4ad57a2bb2162b3e/variables" for ::1 at 2023-01-13 15:34:36 -0800
Started POST "/__better_errors/4ad57a2bb2162b3e/variables" for ::1 at 2023-01-13 15:35:38 -0800
Started GET "/cats/new" for ::1 at 2023-01-13 15:37:10 -0800
Processing by CatsController#new as HTML
  Rendering layout layouts/application.html.erb
  Rendering cats/new.html.erb within layouts/application
  Rendered cats/new.html.erb within layouts/application (Duration: 5.4ms | Allocations: 5521)
  Rendered layout layouts/application.html.erb (Duration: 5.7ms | Allocations: 5610)
Completed 500 Internal Server Error in 8ms (ActiveRecord: 0.0ms | Allocations: 6322)



NameError - undefined local variable or method `cat' for #<ActionView::Base:0x00000000004650>
Did you mean?  @cat:
  app/views/cats/new.html.erb:14
  app/controllers/cats_controller.rb:34:in `new'

Started POST "/__better_errors/f2327212b4ec6ff1/variables" for ::1 at 2023-01-13 15:37:10 -0800
Started POST "/__better_errors/f2327212b4ec6ff1/variables" for ::1 at 2023-01-13 15:37:36 -0800
Started GET "/cats/new" for ::1 at 2023-01-13 15:37:43 -0800
Processing by CatsController#new as HTML
  Rendering layout layouts/application.html.erb
  Rendering cats/new.html.erb within layouts/application
  Rendered cats/new.html.erb within layouts/application (Duration: 2.7ms | Allocations: 4014)
  Rendered layout layouts/application.html.erb (Duration: 3.0ms | Allocations: 4103)
Completed 500 Internal Server Error in 6ms (ActiveRecord: 0.0ms | Allocations: 4815)



NameError - uninitialized constant #<Class:0x000000010a3163d8>::CAT:
  app/views/cats/new.html.erb:14
  app/controllers/cats_controller.rb:34:in `new'

Started POST "/__better_errors/d98e9e933a562994/variables" for ::1 at 2023-01-13 15:37:43 -0800
  [1m[36mActiveRecord::SchemaMigration Pluck (0.5ms)[0m  [1m[34mSELECT "schema_migrations"."version" FROM "schema_migrations" ORDER BY "schema_migrations"."version" ASC[0m
  [1m[36mActiveRecord::InternalMetadata Pluck (0.5ms)[0m  [1m[34mSELECT "ar_internal_metadata"."value" FROM "ar_internal_metadata" WHERE "ar_internal_metadata"."key" = $1 LIMIT $2[0m  [["key", "environment"], ["LIMIT", 1]]
  [1m[36mActiveRecord::SchemaMigration Pluck (0.2ms)[0m  [1m[34mSELECT "schema_migrations"."version" FROM "schema_migrations" ORDER BY "schema_migrations"."version" ASC[0m
  [1m[36mActiveRecord::InternalMetadata Pluck (0.2ms)[0m  [1m[34mSELECT "ar_internal_metadata"."value" FROM "ar_internal_metadata" WHERE "ar_internal_metadata"."key" = $1 LIMIT $2[0m  [["key", "environment"], ["LIMIT", 1]]
  [1m[36mActiveRecord::SchemaMigration Pluck (0.2ms)[0m  [1m[34mSELECT "schema_migrations"."version" FROM "schema_migrations" ORDER BY "schema_migrations"."version" ASC[0m
  [1m[36mActiveRecord::InternalMetadata Pluck (0.2ms)[0m  [1m[34mSELECT "ar_internal_metadata"."value" FROM "ar_internal_metadata" WHERE "ar_internal_metadata"."key" = $1 LIMIT $2[0m  [["key", "environment"], ["LIMIT", 1]]
  [1m[35m (5023.1ms)[0m  [1m[35mDROP DATABASE IF EXISTS "ninety_nine_cats_development"[0m
  [1m[35m (0.1ms)[0m  [1m[34mSELECT pg_try_advisory_lock(723150122408807205)[0m
  [1m[36mActiveRecord::SchemaMigration Pluck (0.6ms)[0m  [1m[34mSELECT "schema_migrations"."version" FROM "schema_migrations" ORDER BY "schema_migrations"."version" ASC[0m
  [1m[36mActiveRecord::InternalMetadata Load (0.3ms)[0m  [1m[34mSELECT "ar_internal_metadata".* FROM "ar_internal_metadata" WHERE "ar_internal_metadata"."key" = $1 LIMIT $2[0m  [["key", "environment"], ["LIMIT", 1]]
  [1m[35m (0.2ms)[0m  [1m[34mSELECT pg_advisory_unlock(723150122408807205)[0m
  [1m[36mActiveRecord::SchemaMigration Pluck (0.6ms)[0m  [1m[34mSELECT "schema_migrations"."version" FROM "schema_migrations" ORDER BY "schema_migrations"."version" ASC[0m
  [1m[36mActiveRecord::SchemaMigration Pluck (0.5ms)[0m  [1m[34mSELECT "schema_migrations"."version" FROM "schema_migrations" ORDER BY "schema_migrations"."version" ASC[0m
  [1m[36mActiveRecord::InternalMetadata Pluck (0.3ms)[0m  [1m[34mSELECT "ar_internal_metadata"."value" FROM "ar_internal_metadata" WHERE "ar_internal_metadata"."key" = $1 LIMIT $2[0m  [["key", "environment"], ["LIMIT", 1]]
  [1m[36mActiveRecord::SchemaMigration Pluck (0.2ms)[0m  [1m[34mSELECT "schema_migrations"."version" FROM "schema_migrations" ORDER BY "schema_migrations"."version" ASC[0m
  [1m[36mActiveRecord::InternalMetadata Pluck (0.2ms)[0m  [1m[34mSELECT "ar_internal_metadata"."value" FROM "ar_internal_metadata" WHERE "ar_internal_metadata"."key" = $1 LIMIT $2[0m  [["key", "environment"], ["LIMIT", 1]]
  [1m[36mActiveRecord::SchemaMigration Pluck (0.2ms)[0m  [1m[34mSELECT "schema_migrations"."version" FROM "schema_migrations" ORDER BY "schema_migrations"."version" ASC[0m
  [1m[36mActiveRecord::InternalMetadata Pluck (0.1ms)[0m  [1m[34mSELECT "ar_internal_metadata"."value" FROM "ar_internal_metadata" WHERE "ar_internal_metadata"."key" = $1 LIMIT $2[0m  [["key", "environment"], ["LIMIT", 1]]
  [1m[35m (46.5ms)[0m  [1m[35mDROP DATABASE IF EXISTS "ninety_nine_cats_development"[0m
  [1m[35m (46.0ms)[0m  [1m[35mDROP DATABASE IF EXISTS "ninety_nine_cats_test"[0m
  [1m[35m (137.5ms)[0m  [1m[35mCREATE DATABASE "ninety_nine_cats_development" ENCODING = 'unicode'[0m
  [1m[35m (108.4ms)[0m  [1m[35mCREATE DATABASE "ninety_nine_cats_test" ENCODING = 'unicode'[0m
  [1m[35mSQL (0.4ms)[0m  [1m[35mCREATE EXTENSION IF NOT EXISTS "plpgsql"[0m
  [1m[35m (0.1ms)[0m  [1m[35mDROP TABLE IF EXISTS "cats" CASCADE[0m
  [1m[35m (5.0ms)[0m  [1m[35mCREATE TABLE "cats" ("id" bigserial primary key, "birth_date" date NOT NULL, "color" character varying NOT NULL, "name" character varying NOT NULL, "sex" character varying(1) NOT NULL, "description" text, "created_at" timestamp(6) NOT NULL, "updated_at" timestamp(6) NOT NULL)[0m
  [1m[35m (2.2ms)[0m  [1m[35mCREATE TABLE "schema_migrations" ("version" character varying NOT NULL PRIMARY KEY)[0m
  [1m[36mActiveRecord::SchemaMigration Pluck (0.4ms)[0m  [1m[34mSELECT "schema_migrations"."version" FROM "schema_migrations" ORDER BY "schema_migrations"."version" ASC[0m
  [1m[35m (0.5ms)[0m  [1m[32mINSERT INTO "schema_migrations" (version) VALUES (20230113214217)[0m
  [1m[35m (2.9ms)[0m  [1m[35mCREATE TABLE "ar_internal_metadata" ("key" character varying NOT NULL PRIMARY KEY, "value" character varying, "created_at" timestamp(6) NOT NULL, "updated_at" timestamp(6) NOT NULL)[0m
  [1m[36mActiveRecord::InternalMetadata Load (0.3ms)[0m  [1m[34mSELECT "ar_internal_metadata".* FROM "ar_internal_metadata" WHERE "ar_internal_metadata"."key" = $1 LIMIT $2[0m  [["key", "environment"], ["LIMIT", 1]]
  [1m[36mTRANSACTION (0.1ms)[0m  [1m[35mBEGIN[0m
  [1m[36mActiveRecord::InternalMetadata Create (0.4ms)[0m  [1m[32mINSERT INTO "ar_internal_metadata" ("key", "value", "created_at", "updated_at") VALUES ($1, $2, $3, $4) RETURNING "key"[0m  [["key", "environment"], ["value", "development"], ["created_at", "2023-01-13 23:39:05.270790"], ["updated_at", "2023-01-13 23:39:05.270790"]]
  [1m[36mTRANSACTION (0.3ms)[0m  [1m[35mCOMMIT[0m
  [1m[36mActiveRecord::InternalMetadata Load (0.2ms)[0m  [1m[34mSELECT "ar_internal_metadata".* FROM "ar_internal_metadata" WHERE "ar_internal_metadata"."key" = $1 LIMIT $2[0m  [["key", "environment"], ["LIMIT", 1]]
  [1m[36mActiveRecord::InternalMetadata Load (0.1ms)[0m  [1m[34mSELECT "ar_internal_metadata".* FROM "ar_internal_metadata" WHERE "ar_internal_metadata"."key" = $1 LIMIT $2[0m  [["key", "schema_sha1"], ["LIMIT", 1]]
  [1m[36mTRANSACTION (0.1ms)[0m  [1m[35mBEGIN[0m
  [1m[36mActiveRecord::InternalMetadata Create (0.3ms)[0m  [1m[32mINSERT INTO "ar_internal_metadata" ("key", "value", "created_at", "updated_at") VALUES ($1, $2, $3, $4) RETURNING "key"[0m  [["key", "schema_sha1"], ["value", "0a1617f0f983355d316d54b73003af8025ab2fd4"], ["created_at", "2023-01-13 23:39:05.278666"], ["updated_at", "2023-01-13 23:39:05.278666"]]
  [1m[36mTRANSACTION (0.4ms)[0m  [1m[35mCOMMIT[0m
  [1m[35mSQL (0.3ms)[0m  [1m[35mCREATE EXTENSION IF NOT EXISTS "plpgsql"[0m
  [1m[35m (0.1ms)[0m  [1m[35mDROP TABLE IF EXISTS "cats" CASCADE[0m
  [1m[35m (4.7ms)[0m  [1m[35mCREATE TABLE "cats" ("id" bigserial primary key, "birth_date" date NOT NULL, "color" character varying NOT NULL, "name" character varying NOT NULL, "sex" character varying(1) NOT NULL, "description" text, "created_at" timestamp(6) NOT NULL, "updated_at" timestamp(6) NOT NULL)[0m
  [1m[35m (2.0ms)[0m  [1m[35mCREATE TABLE "schema_migrations" ("version" character varying NOT NULL PRIMARY KEY)[0m
  [1m[36mActiveRecord::SchemaMigration Pluck (0.4ms)[0m  [1m[34mSELECT "schema_migrations"."version" FROM "schema_migrations" ORDER BY "schema_migrations"."version" ASC[0m
  [1m[35m (0.4ms)[0m  [1m[32mINSERT INTO "schema_migrations" (version) VALUES (20230113214217)[0m
  [1m[35m (2.2ms)[0m  [1m[35mCREATE TABLE "ar_internal_metadata" ("key" character varying NOT NULL PRIMARY KEY, "value" character varying, "created_at" timestamp(6) NOT NULL, "updated_at" timestamp(6) NOT NULL)[0m
  [1m[36mActiveRecord::InternalMetadata Load (0.2ms)[0m  [1m[34mSELECT "ar_internal_metadata".* FROM "ar_internal_metadata" WHERE "ar_internal_metadata"."key" = $1 LIMIT $2[0m  [["key", "environment"], ["LIMIT", 1]]
  [1m[36mTRANSACTION (0.1ms)[0m  [1m[35mBEGIN[0m
  [1m[36mActiveRecord::InternalMetadata Create (0.3ms)[0m  [1m[32mINSERT INTO "ar_internal_metadata" ("key", "value", "created_at", "updated_at") VALUES ($1, $2, $3, $4) RETURNING "key"[0m  [["key", "environment"], ["value", "development"], ["created_at", "2023-01-13 23:39:05.323340"], ["updated_at", "2023-01-13 23:39:05.323340"]]
  [1m[36mTRANSACTION (0.3ms)[0m  [1m[35mCOMMIT[0m
  [1m[36mActiveRecord::InternalMetadata Load (0.2ms)[0m  [1m[34mSELECT "ar_internal_metadata".* FROM "ar_internal_metadata" WHERE "ar_internal_metadata"."key" = $1 LIMIT $2[0m  [["key", "environment"], ["LIMIT", 1]]
  [1m[36mTRANSACTION (0.2ms)[0m  [1m[35mBEGIN[0m
  [1m[36mActiveRecord::InternalMetadata Update (0.6ms)[0m  [1m[33mUPDATE "ar_internal_metadata" SET "value" = $1, "updated_at" = $2 WHERE "ar_internal_metadata"."key" = $3[0m  [["value", "test"], ["updated_at", "2023-01-13 23:39:05.329348"], ["key", "environment"]]
  [1m[36mTRANSACTION (0.4ms)[0m  [1m[35mCOMMIT[0m
  [1m[36mActiveRecord::InternalMetadata Load (0.3ms)[0m  [1m[34mSELECT "ar_internal_metadata".* FROM "ar_internal_metadata" WHERE "ar_internal_metadata"."key" = $1 LIMIT $2[0m  [["key", "schema_sha1"], ["LIMIT", 1]]
  [1m[36mTRANSACTION (0.2ms)[0m  [1m[35mBEGIN[0m
  [1m[36mActiveRecord::InternalMetadata Create (0.3ms)[0m  [1m[32mINSERT INTO "ar_internal_metadata" ("key", "value", "created_at", "updated_at") VALUES ($1, $2, $3, $4) RETURNING "key"[0m  [["key", "schema_sha1"], ["value", "0a1617f0f983355d316d54b73003af8025ab2fd4"], ["created_at", "2023-01-13 23:39:05.335836"], ["updated_at", "2023-01-13 23:39:05.335836"]]
  [1m[36mTRANSACTION (0.3ms)[0m  [1m[35mCOMMIT[0m
  [1m[36mActiveRecord::SchemaMigration Pluck (0.6ms)[0m  [1m[34mSELECT "schema_migrations"."version" FROM "schema_migrations" ORDER BY "schema_migrations"."version" ASC[0m
  [1m[36mActiveRecord::SchemaMigration Pluck (0.5ms)[0m  [1m[34mSELECT "schema_migrations"."version" FROM "schema_migrations" ORDER BY "schema_migrations"."version" ASC[0m
  [1m[36mActiveRecord::InternalMetadata Pluck (0.3ms)[0m  [1m[34mSELECT "ar_internal_metadata"."value" FROM "ar_internal_metadata" WHERE "ar_internal_metadata"."key" = $1 LIMIT $2[0m  [["key", "environment"], ["LIMIT", 1]]
  [1m[36mActiveRecord::SchemaMigration Pluck (0.1ms)[0m  [1m[34mSELECT "schema_migrations"."version" FROM "schema_migrations" ORDER BY "schema_migrations"."version" ASC[0m
  [1m[36mActiveRecord::InternalMetadata Pluck (0.1ms)[0m  [1m[34mSELECT "ar_internal_metadata"."value" FROM "ar_internal_metadata" WHERE "ar_internal_metadata"."key" = $1 LIMIT $2[0m  [["key", "environment"], ["LIMIT", 1]]
  [1m[36mActiveRecord::SchemaMigration Pluck (0.1ms)[0m  [1m[34mSELECT "schema_migrations"."version" FROM "schema_migrations" ORDER BY "schema_migrations"."version" ASC[0m
  [1m[36mActiveRecord::InternalMetadata Pluck (0.1ms)[0m  [1m[34mSELECT "ar_internal_metadata"."value" FROM "ar_internal_metadata" WHERE "ar_internal_metadata"."key" = $1 LIMIT $2[0m  [["key", "environment"], ["LIMIT", 1]]
  [1m[35m (68.6ms)[0m  [1m[35mDROP DATABASE IF EXISTS "ninety_nine_cats_development"[0m
  [1m[35m (37.6ms)[0m  [1m[35mDROP DATABASE IF EXISTS "ninety_nine_cats_test"[0m
  [1m[35m (98.3ms)[0m  [1m[35mCREATE DATABASE "ninety_nine_cats_development" ENCODING = 'unicode'[0m
  [1m[35m (96.5ms)[0m  [1m[35mCREATE DATABASE "ninety_nine_cats_test" ENCODING = 'unicode'[0m
  [1m[35mSQL (0.2ms)[0m  [1m[35mCREATE EXTENSION IF NOT EXISTS "plpgsql"[0m
  [1m[35m (0.5ms)[0m  [1m[35mDROP TABLE IF EXISTS "cats" CASCADE[0m
  [1m[35m (7.4ms)[0m  [1m[35mCREATE TABLE "cats" ("id" bigserial primary key, "birth_date" date NOT NULL, "color" character varying NOT NULL, "name" character varying NOT NULL, "sex" character varying(1) NOT NULL, "description" text, "created_at" timestamp(6) NOT NULL, "updated_at" timestamp(6) NOT NULL)[0m
  [1m[35m (2.5ms)[0m  [1m[35mCREATE TABLE "schema_migrations" ("version" character varying NOT NULL PRIMARY KEY)[0m
  [1m[36mActiveRecord::SchemaMigration Pluck (0.5ms)[0m  [1m[34mSELECT "schema_migrations"."version" FROM "schema_migrations" ORDER BY "schema_migrations"."version" ASC[0m
  [1m[35m (0.5ms)[0m  [1m[32mINSERT INTO "schema_migrations" (version) VALUES (20230113214217)[0m
  [1m[35m (2.5ms)[0m  [1m[35mCREATE TABLE "ar_internal_metadata" ("key" character varying NOT NULL PRIMARY KEY, "value" character varying, "created_at" timestamp(6) NOT NULL, "updated_at" timestamp(6) NOT NULL)[0m
  [1m[36mActiveRecord::InternalMetadata Load (0.3ms)[0m  [1m[34mSELECT "ar_internal_metadata".* FROM "ar_internal_metadata" WHERE "ar_internal_metadata"."key" = $1 LIMIT $2[0m  [["key", "environment"], ["LIMIT", 1]]
  [1m[36mTRANSACTION (0.1ms)[0m  [1m[35mBEGIN[0m
  [1m[36mActiveRecord::InternalMetadata Create (0.4ms)[0m  [1m[32mINSERT INTO "ar_internal_metadata" ("key", "value", "created_at", "updated_at") VALUES ($1, $2, $3, $4) RETURNING "key"[0m  [["key", "environment"], ["value", "development"], ["created_at", "2023-01-13 23:39:19.311316"], ["updated_at", "2023-01-13 23:39:19.311316"]]
  [1m[36mTRANSACTION (0.3ms)[0m  [1m[35mCOMMIT[0m
  [1m[36mActiveRecord::InternalMetadata Load (0.2ms)[0m  [1m[34mSELECT "ar_internal_metadata".* FROM "ar_internal_metadata" WHERE "ar_internal_metadata"."key" = $1 LIMIT $2[0m  [["key", "environment"], ["LIMIT", 1]]
  [1m[36mActiveRecord::InternalMetadata Load (0.2ms)[0m  [1m[34mSELECT "ar_internal_metadata".* FROM "ar_internal_metadata" WHERE "ar_internal_metadata"."key" = $1 LIMIT $2[0m  [["key", "schema_sha1"], ["LIMIT", 1]]
  [1m[36mTRANSACTION (0.1ms)[0m  [1m[35mBEGIN[0m
  [1m[36mActiveRecord::InternalMetadata Create (0.2ms)[0m  [1m[32mINSERT INTO "ar_internal_metadata" ("key", "value", "created_at", "updated_at") VALUES ($1, $2, $3, $4) RETURNING "key"[0m  [["key", "schema_sha1"], ["value", "0a1617f0f983355d316d54b73003af8025ab2fd4"], ["created_at", "2023-01-13 23:39:19.318931"], ["updated_at", "2023-01-13 23:39:19.318931"]]
  [1m[36mTRANSACTION (0.3ms)[0m  [1m[35mCOMMIT[0m
  [1m[35mSQL (0.2ms)[0m  [1m[35mCREATE EXTENSION IF NOT EXISTS "plpgsql"[0m
  [1m[35m (0.2ms)[0m  [1m[35mDROP TABLE IF EXISTS "cats" CASCADE[0m
  [1m[35m (5.0ms)[0m  [1m[35mCREATE TABLE "cats" ("id" bigserial primary key, "birth_date" date NOT NULL, "color" character varying NOT NULL, "name" character varying NOT NULL, "sex" character varying(1) NOT NULL, "description" text, "created_at" timestamp(6) NOT NULL, "updated_at" timestamp(6) NOT NULL)[0m
  [1m[35m (2.4ms)[0m  [1m[35mCREATE TABLE "schema_migrations" ("version" character varying NOT NULL PRIMARY KEY)[0m
  [1m[36mActiveRecord::SchemaMigration Pluck (0.5ms)[0m  [1m[34mSELECT "schema_migrations"."version" FROM "schema_migrations" ORDER BY "schema_migrations"."version" ASC[0m
  [1m[35m (0.6ms)[0m  [1m[32mINSERT INTO "schema_migrations" (version) VALUES (20230113214217)[0m
  [1m[35m (2.2ms)[0m  [1m[35mCREATE TABLE "ar_internal_metadata" ("key" character varying NOT NULL PRIMARY KEY, "value" character varying, "created_at" timestamp(6) NOT NULL, "updated_at" timestamp(6) NOT NULL)[0m
  [1m[36mActiveRecord::InternalMetadata Load (0.3ms)[0m  [1m[34mSELECT "ar_internal_metadata".* FROM "ar_internal_metadata" WHERE "ar_internal_metadata"."key" = $1 LIMIT $2[0m  [["key", "environment"], ["LIMIT", 1]]
  [1m[36mTRANSACTION (0.1ms)[0m  [1m[35mBEGIN[0m
  [1m[36mActiveRecord::InternalMetadata Create (0.3ms)[0m  [1m[32mINSERT INTO "ar_internal_metadata" ("key", "value", "created_at", "updated_at") VALUES ($1, $2, $3, $4) RETURNING "key"[0m  [["key", "environment"], ["value", "development"], ["created_at", "2023-01-13 23:39:19.365202"], ["updated_at", "2023-01-13 23:39:19.365202"]]
  [1m[36mTRANSACTION (0.2ms)[0m  [1m[35mCOMMIT[0m
  [1m[36mActiveRecord::InternalMetadata Load (0.2ms)[0m  [1m[34mSELECT "ar_internal_metadata".* FROM "ar_internal_metadata" WHERE "ar_internal_metadata"."key" = $1 LIMIT $2[0m  [["key", "environment"], ["LIMIT", 1]]
  [1m[36mTRANSACTION (0.1ms)[0m  [1m[35mBEGIN[0m
  [1m[36mActiveRecord::InternalMetadata Update (0.3ms)[0m  [1m[33mUPDATE "ar_internal_metadata" SET "value" = $1, "updated_at" = $2 WHERE "ar_internal_metadata"."key" = $3[0m  [["value", "test"], ["updated_at", "2023-01-13 23:39:19.370132"], ["key", "environment"]]
  [1m[36mTRANSACTION (0.2ms)[0m  [1m[35mCOMMIT[0m
  [1m[36mActiveRecord::InternalMetadata Load (0.2ms)[0m  [1m[34mSELECT "ar_internal_metadata".* FROM "ar_internal_metadata" WHERE "ar_internal_metadata"."key" = $1 LIMIT $2[0m  [["key", "schema_sha1"], ["LIMIT", 1]]
  [1m[36mTRANSACTION (0.1ms)[0m  [1m[35mBEGIN[0m
  [1m[36mActiveRecord::InternalMetadata Create (0.2ms)[0m  [1m[32mINSERT INTO "ar_internal_metadata" ("key", "value", "created_at", "updated_at") VALUES ($1, $2, $3, $4) RETURNING "key"[0m  [["key", "schema_sha1"], ["value", "0a1617f0f983355d316d54b73003af8025ab2fd4"], ["created_at", "2023-01-13 23:39:19.374629"], ["updated_at", "2023-01-13 23:39:19.374629"]]
  [1m[36mTRANSACTION (0.2ms)[0m  [1m[35mCOMMIT[0m
  [1m[36mActiveRecord::SchemaMigration Pluck (0.6ms)[0m  [1m[34mSELECT "schema_migrations"."version" FROM "schema_migrations" ORDER BY "schema_migrations"."version" ASC[0m
Started GET "/cats/new" for ::1 at 2023-01-13 15:40:39 -0800
  [1m[36mActiveRecord::SchemaMigration Pluck (0.6ms)[0m  [1m[34mSELECT "schema_migrations"."version" FROM "schema_migrations" ORDER BY "schema_migrations"."version" ASC[0m
Processing by CatsController#new as HTML
  Rendering layout layouts/application.html.erb
  Rendering cats/new.html.erb within layouts/application
  Rendered cats/new.html.erb within layouts/application (Duration: 7.8ms | Allocations: 6622)
  Rendered layout layouts/application.html.erb (Duration: 8.0ms | Allocations: 6732)
Completed 500 Internal Server Error in 32ms (ActiveRecord: 5.0ms | Allocations: 15425)



NameError - undefined local variable or method `cat' for #<ActionView::Base:0x00000000004240>
Did you mean?  @cat:
  app/views/cats/new.html.erb:14
  app/controllers/cats_controller.rb:34:in `new'

Started POST "/__better_errors/5f07ed9fc4f9a655/variables" for ::1 at 2023-01-13 15:40:39 -0800
Started GET "/cats/new" for ::1 at 2023-01-13 15:40:52 -0800
Processing by CatsController#new as HTML
  Rendering layout layouts/application.html.erb
  Rendering cats/new.html.erb within layouts/application
  Rendered cats/new.html.erb within layouts/application (Duration: 2.9ms | Allocations: 4011)
  Rendered layout layouts/application.html.erb (Duration: 3.2ms | Allocations: 4100)
Completed 500 Internal Server Error in 5ms (ActiveRecord: 0.0ms | Allocations: 4813)



NameError - uninitialized constant #<Class:0x0000000111011a50>::CAT:
  app/views/cats/new.html.erb:14
  app/controllers/cats_controller.rb:34:in `new'

Started POST "/__better_errors/ec5f938a2a03364f/variables" for ::1 at 2023-01-13 15:40:52 -0800
Started GET "/cats/new" for ::1 at 2023-01-13 15:42:48 -0800
Processing by CatsController#new as HTML
  Rendering layout layouts/application.html.erb
  Rendering cats/new.html.erb within layouts/application
  Rendered cats/_form.html.erb (Duration: 3.2ms | Allocations: 4662)
  Rendered cats/new.html.erb within layouts/application (Duration: 4.3ms | Allocations: 4936)
  Rendered layout layouts/application.html.erb (Duration: 4.5ms | Allocations: 5022)
Completed 500 Internal Server Error in 7ms (ActiveRecord: 0.0ms | Allocations: 5734)



NameError - uninitialized constant #<Class:0x0000000110e62d08>::CAT:
  app/views/cats/_form.html.erb:22
  app/views/cats/new.html.erb:2
  app/controllers/cats_controller.rb:34:in `new'

Started POST "/__better_errors/f88e7d267b9f8656/variables" for ::1 at 2023-01-13 15:42:48 -0800
Started GET "/cats/new" for ::1 at 2023-01-13 15:43:13 -0800
Processing by CatsController#new as HTML
Completed 500 Internal Server Error in 3ms (ActiveRecord: 0.0ms | Allocations: 2513)



NameError - uninitialized constant Cat::CAT_COLORS
              in: CAT_COLORS,
                  ^^^^^^^^^^:
  app/models/cat.rb:29:in `<class:Cat>'
  app/models/cat.rb:16:in `<top (required)>'
  app/controllers/cats_controller.rb:33:in `new'

Started POST "/__better_errors/dbdc19bf04c69e95/variables" for ::1 at 2023-01-13 15:43:13 -0800
Started POST "/__better_errors/dbdc19bf04c69e95/variables" for ::1 at 2023-01-13 15:43:20 -0800
Started GET "/cats/new" for ::1 at 2023-01-13 15:43:41 -0800
Processing by CatsController#new as HTML
Completed 500 Internal Server Error in 4ms (ActiveRecord: 0.0ms | Allocations: 2497)



NameError - uninitialized constant Cat::CAT_COLORS
              in: CAT_COLORS,
                  ^^^^^^^^^^:
  app/models/cat.rb:29:in `<class:Cat>'
  app/models/cat.rb:16:in `<top (required)>'
  app/controllers/cats_controller.rb:33:in `new'

Started POST "/__better_errors/909beff46a9dfb7d/variables" for ::1 at 2023-01-13 15:43:41 -0800
Started GET "/cats/new" for ::1 at 2023-01-13 15:44:01 -0800
Processing by CatsController#new as HTML
  Rendering layout layouts/application.html.erb
  Rendering cats/new.html.erb within layouts/application
  Rendered cats/_form.html.erb (Duration: 7.2ms | Allocations: 4202)
  Rendered cats/new.html.erb within layouts/application (Duration: 7.5ms | Allocations: 4278)
  Rendered layout layouts/application.html.erb (Duration: 7.7ms | Allocations: 4363)
Completed 500 Internal Server Error in 17ms (ActiveRecord: 2.6ms | Allocations: 7966)



NameError - uninitialized constant #<Class:0x0000000110e62d08>::CAT:
  app/views/cats/_form.html.erb:22
  app/views/cats/new.html.erb:2
  app/controllers/cats_controller.rb:34:in `new'

Started POST "/__better_errors/fb4bb5399a23b029/variables" for ::1 at 2023-01-13 15:44:01 -0800
Started GET "/cats/new" for ::1 at 2023-01-13 15:44:43 -0800
Processing by CatsController#new as HTML
  Rendering layout layouts/application.html.erb
  Rendering cats/new.html.erb within layouts/application
  Rendered cats/_form.html.erb (Duration: 2.9ms | Allocations: 4172)
  Rendered cats/new.html.erb within layouts/application (Duration: 3.2ms | Allocations: 4240)
  Rendered layout layouts/application.html.erb (Duration: 3.3ms | Allocations: 4321)
Completed 500 Internal Server Error in 4ms (ActiveRecord: 0.0ms | Allocations: 4579)



NameError - uninitialized constant #<Class:0x0000000110e62d08>::CAT:
  app/views/cats/_form.html.erb:22
  app/views/cats/new.html.erb:2
  app/controllers/cats_controller.rb:34:in `new'

Started POST "/__better_errors/60beaafec4e5e2ea/variables" for ::1 at 2023-01-13 15:44:43 -0800
Started GET "/cats/new" for ::1 at 2023-01-13 15:46:58 -0800
Processing by CatsController#new as HTML
  Rendering layout layouts/application.html.erb
  Rendering cats/new.html.erb within layouts/application
  Rendered cats/new.html.erb within layouts/application (Duration: 6.3ms | Allocations: 5466)
  Rendered layout layouts/application.html.erb (Duration: 6.6ms | Allocations: 5555)
Completed 500 Internal Server Error in 9ms (ActiveRecord: 0.0ms | Allocations: 6257)



NameError - undefined local variable or method `cat' for #<ActionView::Base:0x00000000006978>
Did you mean?  @cat:
  app/views/cats/new.html.erb:14
  app/controllers/cats_controller.rb:34:in `new'

Started POST "/__better_errors/64dcbe22ac5ec11f/variables" for ::1 at 2023-01-13 15:46:58 -0800
Started GET "/cats/new" for ::1 at 2023-01-13 15:47:20 -0800
Processing by CatsController#new as HTML
  Rendering layout layouts/application.html.erb
  Rendering cats/new.html.erb within layouts/application
  Rendered cats/new.html.erb within layouts/application (Duration: 2.4ms | Allocations: 3997)
  Rendered layout layouts/application.html.erb (Duration: 2.7ms | Allocations: 4085)
Completed 500 Internal Server Error in 4ms (ActiveRecord: 0.0ms | Allocations: 4786)



NameError - uninitialized constant #<Class:0x0000000111884d90>::CAT:
  app/views/cats/new.html.erb:14
  app/controllers/cats_controller.rb:34:in `new'

Started POST "/__better_errors/e395ca00610b7b1d/variables" for ::1 at 2023-01-13 15:47:20 -0800
Started GET "/cats/new" for ::1 at 2023-01-13 15:50:37 -0800
Processing by CatsController#new as HTML
  Rendering layout layouts/application.html.erb
  Rendering cats/new.html.erb within layouts/application
  Rendered cats/new.html.erb within layouts/application (Duration: 2.1ms | Allocations: 3704)
  Rendered layout layouts/application.html.erb (Duration: 2.7ms | Allocations: 3792)
Completed 500 Internal Server Error in 21ms (ActiveRecord: 6.5ms | Allocations: 10034)



NameError - uninitialized constant #<Class:0x0000000111884d90>::CAT:
  app/views/cats/new.html.erb:14
  app/controllers/cats_controller.rb:34:in `new'

Started POST "/__better_errors/be0270bb7341c9db/variables" for ::1 at 2023-01-13 15:50:38 -0800
Started GET "/cats/new" for ::1 at 2023-01-13 15:51:12 -0800
Processing by CatsController#new as HTML
  Rendering layout layouts/application.html.erb
  Rendering cats/new.html.erb within layouts/application
  Rendered cats/new.html.erb within layouts/application (Duration: 3.1ms | Allocations: 3993)
  Rendered layout layouts/application.html.erb (Duration: 3.5ms | Allocations: 4081)
Completed 500 Internal Server Error in 5ms (ActiveRecord: 0.0ms | Allocations: 4781)



NameError - uninitialized constant #<Class:0x0000000111496aa8>::CAT:
  app/views/cats/new.html.erb:14
  app/controllers/cats_controller.rb:34:in `new'

Started POST "/__better_errors/b3cab95af879ff72/variables" for ::1 at 2023-01-13 15:51:12 -0800
Started GET "/cats/new" for ::1 at 2023-01-13 15:51:21 -0800
Processing by CatsController#new as HTML
  Rendering layout layouts/application.html.erb
  Rendering cats/new.html.erb within layouts/application
  Rendered cats/new.html.erb within layouts/application (Duration: 4.5ms | Allocations: 5452)
  Rendered layout layouts/application.html.erb (Duration: 4.8ms | Allocations: 5540)
Completed 500 Internal Server Error in 7ms (ActiveRecord: 0.0ms | Allocations: 6241)



NameError - undefined local variable or method `cat' for #<ActionView::Base:0x00000000007828>
Did you mean?  @cat:
  app/views/cats/new.html.erb:14
  app/controllers/cats_controller.rb:34:in `new'

Started POST "/__better_errors/84a9155b457e854b/variables" for ::1 at 2023-01-13 15:51:21 -0800
Started GET "/cats/new" for ::1 at 2023-01-13 15:51:30 -0800
Processing by CatsController#new as HTML
  Rendering layout layouts/application.html.erb
  Rendering cats/new.html.erb within layouts/application
  Rendered cats/new.html.erb within layouts/application (Duration: 2.7ms | Allocations: 3989)
  Rendered layout layouts/application.html.erb (Duration: 2.9ms | Allocations: 4077)
Completed 500 Internal Server Error in 5ms (ActiveRecord: 0.0ms | Allocations: 4778)



NameError - uninitialized constant #<Class:0x0000000111945f40>::CAT:
  app/views/cats/new.html.erb:14
  app/controllers/cats_controller.rb:34:in `new'

Started POST "/__better_errors/65caecbebb9d9963/variables" for ::1 at 2023-01-13 15:51:30 -0800
Started POST "/__better_errors/65caecbebb9d9963/variables" for ::1 at 2023-01-13 15:51:54 -0800
Started GET "/cats/new" for ::1 at 2023-01-13 15:57:12 -0800
Processing by CatsController#new as HTML
  Rendering layout layouts/application.html.erb
  Rendering cats/new.html.erb within layouts/application
  Rendered cats/new.html.erb within layouts/application (Duration: 2.9ms | Allocations: 3947)
  Rendered layout layouts/application.html.erb (Duration: 3.2ms | Allocations: 4035)
Completed 500 Internal Server Error in 5ms (Allocations: 4728)



NameError - uninitialized constant #<Class:0x0000000110bfdc98>::CAT:
  app/views/cats/new.html.erb:14
  app/controllers/cats_controller.rb:34:in `new'

Started POST "/__better_errors/a9d8a3c49962db73/variables" for ::1 at 2023-01-13 15:57:12 -0800
Started GET "/cats/new" for ::1 at 2023-01-13 15:58:32 -0800
Processing by CatsController#new as HTML
  Rendering layout layouts/application.html.erb
  Rendering cats/new.html.erb within layouts/application
  Rendered cats/new.html.erb within layouts/application (Duration: 2.9ms | Allocations: 4002)
  Rendered layout layouts/application.html.erb (Duration: 3.1ms | Allocations: 4090)
Completed 500 Internal Server Error in 5ms (Allocations: 4783)



NameError - uninitialized constant #<Class:0x00000001114964b8>::CAT:
  app/views/cats/new.html.erb:14
  app/controllers/cats_controller.rb:34:in `new'

Started POST "/__better_errors/34224d9508e7dfa2/variables" for ::1 at 2023-01-13 15:58:32 -0800
Started GET "/cats/new" for ::1 at 2023-01-13 16:01:37 -0800
Processing by CatsController#new as HTML
  Rendering layout layouts/application.html.erb
  Rendering cats/new.html.erb within layouts/application
  Rendered cats/new.html.erb within layouts/application (Duration: 2.7ms | Allocations: 3993)
  Rendered layout layouts/application.html.erb (Duration: 2.9ms | Allocations: 4081)
Completed 500 Internal Server Error in 5ms (Allocations: 4774)



NameError - uninitialized constant #<Class:0x0000000111725ee0>::CAT:
  app/views/cats/new.html.erb:14
  app/controllers/cats_controller.rb:34:in `new'

Started POST "/__better_errors/0465056c36a7b74e/variables" for ::1 at 2023-01-13 16:01:37 -0800
Started GET "/cats/new" for ::1 at 2023-01-13 16:02:13 -0800
Processing by CatsController#new as HTML
  Rendering layout layouts/application.html.erb
  Rendering cats/new.html.erb within layouts/application
  Rendered cats/new.html.erb within layouts/application (Duration: 1.8ms | Allocations: 1994)
  Rendered layout layouts/application.html.erb (Duration: 2.1ms | Allocations: 2082)
Completed 500 Internal Server Error in 4ms (Allocations: 2777)



ActionController::UrlGenerationError - No route matches {:action=>"show", :controller=>"cats"}, missing required keys: [:id]:
  app/views/cats/new.html.erb:2
  app/controllers/cats_controller.rb:34:in `new'

Started POST "/__better_errors/ab6073678c2be901/variables" for ::1 at 2023-01-13 16:02:13 -0800
Started GET "/cats/new" for ::1 at 2023-01-13 16:02:26 -0800
Processing by CatsController#new as HTML
  Rendering layout layouts/application.html.erb
  Rendering cats/new.html.erb within layouts/application
  Rendered cats/new.html.erb within layouts/application (Duration: 2.8ms | Allocations: 3996)
  Rendered layout layouts/application.html.erb (Duration: 3.1ms | Allocations: 4084)
Completed 500 Internal Server Error in 5ms (Allocations: 4777)



NameError - uninitialized constant #<Class:0x000000010f959830>::CAT:
  app/views/cats/new.html.erb:14
  app/controllers/cats_controller.rb:34:in `new'

Started POST "/__better_errors/89ca7ea220720622/variables" for ::1 at 2023-01-13 16:02:26 -0800
Started GET "/cats/new" for ::1 at 2023-01-13 16:03:00 -0800
Processing by CatsController#new as HTML
  Rendering layout layouts/application.html.erb
  Rendering cats/new.html.erb within layouts/application
  Rendered cats/new.html.erb within layouts/application (Duration: 4.8ms | Allocations: 5452)
  Rendered layout layouts/application.html.erb (Duration: 5.0ms | Allocations: 5540)
Completed 500 Internal Server Error in 7ms (Allocations: 6233)



NameError - undefined local variable or method `cat' for #<ActionView::Base:0x00000000007e40>
Did you mean?  @cat:
  app/views/cats/new.html.erb:14
  app/controllers/cats_controller.rb:34:in `new'

Started POST "/__better_errors/7731a69851dabe4e/variables" for ::1 at 2023-01-13 16:03:00 -0800
Started GET "/cats/new" for ::1 at 2023-01-13 16:03:32 -0800
Processing by CatsController#new as HTML
  Rendering layout layouts/application.html.erb
  Rendering cats/new.html.erb within layouts/application
  Rendered cats/new.html.erb within layouts/application (Duration: 3.9ms | Allocations: 5131)
  Rendered layout layouts/application.html.erb (Duration: 4.2ms | Allocations: 5211)
Completed 500 Internal Server Error in 5ms (Allocations: 5457)



NameError - undefined local variable or method `cat' for #<ActionView::Base:0x00000000007f30>
Did you mean?  @cat:
  app/views/cats/new.html.erb:14
  app/controllers/cats_controller.rb:34:in `new'

Started POST "/__better_errors/03097cd8a1c491d5/variables" for ::1 at 2023-01-13 16:03:32 -0800
Started GET "/cats/new" for ::1 at 2023-01-13 16:03:38 -0800
Processing by CatsController#new as HTML
  Rendering layout layouts/application.html.erb
  Rendering cats/new.html.erb within layouts/application
  Rendered cats/new.html.erb within layouts/application (Duration: 2.5ms | Allocations: 3993)
  Rendered layout layouts/application.html.erb (Duration: 2.7ms | Allocations: 4081)
Completed 500 Internal Server Error in 5ms (Allocations: 4773)



NameError - uninitialized constant #<Class:0x000000011188f0d8>::CAT:
  app/views/cats/new.html.erb:14
  app/controllers/cats_controller.rb:34:in `new'

Started POST "/__better_errors/baaaf072adab3bd5/variables" for ::1 at 2023-01-13 16:03:38 -0800
Started GET "/cats/new" for ::1 at 2023-01-13 16:04:44 -0800
  [1m[36mActiveRecord::SchemaMigration Pluck (0.8ms)[0m  [1m[34mSELECT "schema_migrations"."version" FROM "schema_migrations" ORDER BY "schema_migrations"."version" ASC[0m
Processing by CatsController#new as HTML
  Rendering layout layouts/application.html.erb
  Rendering cats/new.html.erb within layouts/application
  Rendered cats/new.html.erb within layouts/application (Duration: 5.4ms | Allocations: 5154)
  Rendered layout layouts/application.html.erb (Duration: 5.7ms | Allocations: 5264)
Completed 500 Internal Server Error in 26ms (ActiveRecord: 4.1ms | Allocations: 13955)



NameError - uninitialized constant #<Class:0x0000000112aba550>::CAT:
  app/views/cats/new.html.erb:14
  app/controllers/cats_controller.rb:34:in `new'

Started POST "/__better_errors/f55e89c72e8e3026/variables" for ::1 at 2023-01-13 16:04:44 -0800
Started GET "/cats/new" for ::1 at 2023-01-13 16:05:34 -0800
Processing by CatsController#new as HTML
  Rendering layout layouts/application.html.erb
  Rendering cats/new.html.erb within layouts/application
  Rendered cats/new.html.erb within layouts/application (Duration: 2.5ms | Allocations: 3680)
  Rendered layout layouts/application.html.erb (Duration: 2.8ms | Allocations: 3761)
Completed 500 Internal Server Error in 3ms (ActiveRecord: 0.0ms | Allocations: 4022)



NameError - uninitialized constant #<Class:0x0000000112aba550>::CAT:
  app/views/cats/new.html.erb:14
  app/controllers/cats_controller.rb:34:in `new'

Started POST "/__better_errors/71e9fda2104938e5/variables" for ::1 at 2023-01-13 16:05:34 -0800
Started GET "/cats/new" for ::1 at 2023-01-13 16:05:36 -0800
Processing by CatsController#new as HTML
  Rendering layout layouts/application.html.erb
  Rendering cats/new.html.erb within layouts/application
  Rendered cats/new.html.erb within layouts/application (Duration: 2.1ms | Allocations: 3681)
  Rendered layout layouts/application.html.erb (Duration: 2.3ms | Allocations: 3762)
Completed 500 Internal Server Error in 3ms (ActiveRecord: 0.0ms | Allocations: 4021)



NameError - uninitialized constant #<Class:0x0000000112aba550>::CAT:
  app/views/cats/new.html.erb:14
  app/controllers/cats_controller.rb:34:in `new'

Started POST "/__better_errors/2985113fb7637534/variables" for ::1 at 2023-01-13 16:05:36 -0800
Started GET "/cats/new" for ::1 at 2023-01-13 16:05:36 -0800
Processing by CatsController#new as HTML
  Rendering layout layouts/application.html.erb
  Rendering cats/new.html.erb within layouts/application
  Rendered cats/new.html.erb within layouts/application (Duration: 1.9ms | Allocations: 3680)
  Rendered layout layouts/application.html.erb (Duration: 2.1ms | Allocations: 3761)
Completed 500 Internal Server Error in 3ms (ActiveRecord: 0.0ms | Allocations: 4020)



NameError - uninitialized constant #<Class:0x0000000112aba550>::CAT:
  app/views/cats/new.html.erb:14
  app/controllers/cats_controller.rb:34:in `new'

Started POST "/__better_errors/367fd544e1a1d294/variables" for ::1 at 2023-01-13 16:05:36 -0800
Started GET "/cats/new" for ::1 at 2023-01-13 16:05:36 -0800
Processing by CatsController#new as HTML
  Rendering layout layouts/application.html.erb
  Rendering cats/new.html.erb within layouts/application
  Rendered cats/new.html.erb within layouts/application (Duration: 2.1ms | Allocations: 3679)
  Rendered layout layouts/application.html.erb (Duration: 2.4ms | Allocations: 3759)
Completed 500 Internal Server Error in 3ms (ActiveRecord: 0.0ms | Allocations: 4008)



NameError - uninitialized constant #<Class:0x0000000112aba550>::CAT:
  app/views/cats/new.html.erb:14
  app/controllers/cats_controller.rb:34:in `new'

Started POST "/__better_errors/04f57462308eb88f/variables" for ::1 at 2023-01-13 16:05:37 -0800
Started GET "/cats/new" for ::1 at 2023-01-13 16:05:37 -0800
Processing by CatsController#new as HTML
  Rendering layout layouts/application.html.erb
  Rendering cats/new.html.erb within layouts/application
  Rendered cats/new.html.erb within layouts/application (Duration: 2.4ms | Allocations: 3677)
  Rendered layout layouts/application.html.erb (Duration: 2.7ms | Allocations: 3757)
Completed 500 Internal Server Error in 3ms (ActiveRecord: 0.0ms | Allocations: 4006)



NameError - uninitialized constant #<Class:0x0000000112aba550>::CAT:
  app/views/cats/new.html.erb:14
  app/controllers/cats_controller.rb:34:in `new'

Started POST "/__better_errors/56d678b7e339ba33/variables" for ::1 at 2023-01-13 16:05:37 -0800
Started GET "/cats/new" for ::1 at 2023-01-13 16:05:37 -0800
Processing by CatsController#new as HTML
  Rendering layout layouts/application.html.erb
  Rendering cats/new.html.erb within layouts/application
  Rendered cats/new.html.erb within layouts/application (Duration: 2.2ms | Allocations: 3678)
  Rendered layout layouts/application.html.erb (Duration: 2.4ms | Allocations: 3758)
Completed 500 Internal Server Error in 4ms (ActiveRecord: 0.0ms | Allocations: 4007)



NameError - uninitialized constant #<Class:0x0000000112aba550>::CAT:
  app/views/cats/new.html.erb:14
  app/controllers/cats_controller.rb:34:in `new'

Started POST "/__better_errors/c4b615114584aff2/variables" for ::1 at 2023-01-13 16:05:37 -0800
Started GET "/cats/new" for ::1 at 2023-01-13 16:05:37 -0800
Processing by CatsController#new as HTML
  Rendering layout layouts/application.html.erb
  Rendering cats/new.html.erb within layouts/application
  Rendered cats/new.html.erb within layouts/application (Duration: 2.7ms | Allocations: 3678)
  Rendered layout layouts/application.html.erb (Duration: 3.0ms | Allocations: 3758)
Completed 500 Internal Server Error in 4ms (ActiveRecord: 0.0ms | Allocations: 4007)



NameError - uninitialized constant #<Class:0x0000000112aba550>::CAT:
  app/views/cats/new.html.erb:14
  app/controllers/cats_controller.rb:34:in `new'

Started POST "/__better_errors/578382dde67dd888/variables" for ::1 at 2023-01-13 16:05:37 -0800
Started GET "/cats/new" for ::1 at 2023-01-13 16:05:37 -0800
Processing by CatsController#new as HTML
  Rendering layout layouts/application.html.erb
  Rendering cats/new.html.erb within layouts/application
  Rendered cats/new.html.erb within layouts/application (Duration: 1.8ms | Allocations: 3680)
  Rendered layout layouts/application.html.erb (Duration: 2.2ms | Allocations: 3761)
Completed 500 Internal Server Error in 3ms (ActiveRecord: 0.0ms | Allocations: 4020)



NameError - uninitialized constant #<Class:0x0000000112aba550>::CAT:
  app/views/cats/new.html.erb:14
  app/controllers/cats_controller.rb:34:in `new'

Started POST "/__better_errors/75ee441d90f19271/variables" for ::1 at 2023-01-13 16:05:37 -0800
Started GET "/cats/new" for ::1 at 2023-01-13 16:05:38 -0800
Processing by CatsController#new as HTML
  Rendering layout layouts/application.html.erb
  Rendering cats/new.html.erb within layouts/application
  Rendered cats/new.html.erb within layouts/application (Duration: 1.9ms | Allocations: 3677)
  Rendered layout layouts/application.html.erb (Duration: 2.0ms | Allocations: 3757)
Completed 500 Internal Server Error in 3ms (ActiveRecord: 0.0ms | Allocations: 4006)



NameError - uninitialized constant #<Class:0x0000000112aba550>::CAT:
  app/views/cats/new.html.erb:14
  app/controllers/cats_controller.rb:34:in `new'

Started POST "/__better_errors/acf262906aa2b610/variables" for ::1 at 2023-01-13 16:05:38 -0800
Started GET "/cats/new" for ::1 at 2023-01-13 16:05:38 -0800
Processing by CatsController#new as HTML
  Rendering layout layouts/application.html.erb
  Rendering cats/new.html.erb within layouts/application
  Rendered cats/new.html.erb within layouts/application (Duration: 1.8ms | Allocations: 3677)
  Rendered layout layouts/application.html.erb (Duration: 2.2ms | Allocations: 3757)
Completed 500 Internal Server Error in 3ms (ActiveRecord: 0.0ms | Allocations: 4006)



NameError - uninitialized constant #<Class:0x0000000112aba550>::CAT:
  app/views/cats/new.html.erb:14
  app/controllers/cats_controller.rb:34:in `new'

Started POST "/__better_errors/140be36be4933623/variables" for ::1 at 2023-01-13 16:05:38 -0800
Started GET "/cats/new" for ::1 at 2023-01-13 16:05:38 -0800
Processing by CatsController#new as HTML
  Rendering layout layouts/application.html.erb
  Rendering cats/new.html.erb within layouts/application
  Rendered cats/new.html.erb within layouts/application (Duration: 2.3ms | Allocations: 3678)
  Rendered layout layouts/application.html.erb (Duration: 2.7ms | Allocations: 3758)
Completed 500 Internal Server Error in 3ms (ActiveRecord: 0.0ms | Allocations: 4007)



NameError - uninitialized constant #<Class:0x0000000112aba550>::CAT:
  app/views/cats/new.html.erb:14
  app/controllers/cats_controller.rb:34:in `new'

Started POST "/__better_errors/b015ecc9cd8c17ba/variables" for ::1 at 2023-01-13 16:05:38 -0800
Started GET "/cats/new" for ::1 at 2023-01-13 16:05:38 -0800
Processing by CatsController#new as HTML
  Rendering layout layouts/application.html.erb
  Rendering cats/new.html.erb within layouts/application
  Rendered cats/new.html.erb within layouts/application (Duration: 1.8ms | Allocations: 3678)
  Rendered layout layouts/application.html.erb (Duration: 2.2ms | Allocations: 3758)
Completed 500 Internal Server Error in 3ms (ActiveRecord: 0.0ms | Allocations: 4007)



NameError - uninitialized constant #<Class:0x0000000112aba550>::CAT:
  app/views/cats/new.html.erb:14
  app/controllers/cats_controller.rb:34:in `new'

Started POST "/__better_errors/09d32c5c3f58b4db/variables" for ::1 at 2023-01-13 16:05:38 -0800
Started GET "/cats/new" for ::1 at 2023-01-13 16:05:38 -0800
Processing by CatsController#new as HTML
  Rendering layout layouts/application.html.erb
  Rendering cats/new.html.erb within layouts/application
  Rendered cats/new.html.erb within layouts/application (Duration: 1.9ms | Allocations: 3677)
  Rendered layout layouts/application.html.erb (Duration: 2.1ms | Allocations: 3757)
Completed 500 Internal Server Error in 3ms (ActiveRecord: 0.0ms | Allocations: 4006)



NameError - uninitialized constant #<Class:0x0000000112aba550>::CAT:
  app/views/cats/new.html.erb:14
  app/controllers/cats_controller.rb:34:in `new'

Started POST "/__better_errors/b473e52e925a7b79/variables" for ::1 at 2023-01-13 16:05:38 -0800
Started GET "/cats/new" for ::1 at 2023-01-13 16:05:38 -0800
Processing by CatsController#new as HTML
  Rendering layout layouts/application.html.erb
  Rendering cats/new.html.erb within layouts/application
  Rendered cats/new.html.erb within layouts/application (Duration: 1.8ms | Allocations: 3677)
  Rendered layout layouts/application.html.erb (Duration: 2.0ms | Allocations: 3757)
Completed 500 Internal Server Error in 3ms (ActiveRecord: 0.0ms | Allocations: 4006)



NameError - uninitialized constant #<Class:0x0000000112aba550>::CAT:
  app/views/cats/new.html.erb:14
  app/controllers/cats_controller.rb:34:in `new'

Started POST "/__better_errors/78db657e2c7ac53c/variables" for ::1 at 2023-01-13 16:05:38 -0800
Started POST "/__better_errors/78db657e2c7ac53c/variables" for ::1 at 2023-01-13 16:05:40 -0800
Started GET "/cats/new" for ::1 at 2023-01-13 16:06:50 -0800
  [1m[36mActiveRecord::SchemaMigration Pluck (0.6ms)[0m  [1m[34mSELECT "schema_migrations"."version" FROM "schema_migrations" ORDER BY "schema_migrations"."version" ASC[0m
Processing by CatsController#new as HTML
  Rendering layout layouts/application.html.erb
  Rendering cats/new.html.erb within layouts/application
  Rendered cats/new.html.erb within layouts/application (Duration: 5.3ms | Allocations: 5154)
  Rendered layout layouts/application.html.erb (Duration: 5.6ms | Allocations: 5264)
Completed 500 Internal Server Error in 25ms (ActiveRecord: 3.7ms | Allocations: 13955)



NameError - uninitialized constant #<Class:0x000000010ddf1fc0>::CAT:
  app/views/cats/new.html.erb:14
  app/controllers/cats_controller.rb:34:in `new'

Started POST "/__better_errors/bdedfbaf24e0612f/variables" for ::1 at 2023-01-13 16:06:50 -0800
Started GET "/cats/new" for ::1 at 2023-01-13 16:07:18 -0800
Processing by CatsController#new as HTML
  Rendering layout layouts/application.html.erb
  Rendering cats/new.html.erb within layouts/application
  Rendered cats/new.html.erb within layouts/application (Duration: 2.7ms | Allocations: 3996)
  Rendered layout layouts/application.html.erb (Duration: 2.9ms | Allocations: 4085)
Completed 500 Internal Server Error in 5ms (ActiveRecord: 0.0ms | Allocations: 4798)



NameError - uninitialized constant #<Class:0x000000010de82840>::CAT_COLORS:
  app/views/cats/new.html.erb:14
  app/controllers/cats_controller.rb:34:in `new'

Started POST "/__better_errors/c11a60c16f900073/variables" for ::1 at 2023-01-13 16:07:18 -0800
Started GET "/cats/new" for ::1 at 2023-01-13 16:07:19 -0800
Processing by CatsController#new as HTML
  Rendering layout layouts/application.html.erb
  Rendering cats/new.html.erb within layouts/application
  Rendered cats/new.html.erb within layouts/application (Duration: 1.8ms | Allocations: 3679)
  Rendered layout layouts/application.html.erb (Duration: 2.0ms | Allocations: 3760)
Completed 500 Internal Server Error in 3ms (ActiveRecord: 0.0ms | Allocations: 4020)



NameError - uninitialized constant #<Class:0x000000010de82840>::CAT_COLORS:
  app/views/cats/new.html.erb:14
  app/controllers/cats_controller.rb:34:in `new'

Started POST "/__better_errors/d31b88c0a46f4948/variables" for ::1 at 2023-01-13 16:07:19 -0800
Started GET "/cats/new" for ::1 at 2023-01-13 16:08:08 -0800
Processing by CatsController#new as HTML
  Rendering layout layouts/application.html.erb
  Rendering cats/new.html.erb within layouts/application
  Rendered cats/new.html.erb within layouts/application (Duration: 2.3ms | Allocations: 3996)
  Rendered layout layouts/application.html.erb (Duration: 2.6ms | Allocations: 4084)
Completed 500 Internal Server Error in 4ms (ActiveRecord: 0.0ms | Allocations: 4784)



NameError - uninitialized constant #<Class:0x000000010e3ed9b0>::CAT:
  app/views/cats/new.html.erb:14
  app/controllers/cats_controller.rb:34:in `new'

Started POST "/__better_errors/1f069fe680cdbcdc/variables" for ::1 at 2023-01-13 16:08:08 -0800
Started GET "/cats/new" for ::1 at 2023-01-13 16:11:36 -0800
Processing by CatsController#new as HTML
  Rendering layout layouts/application.html.erb
  Rendering cats/new.html.erb within layouts/application
  Rendered cats/new.html.erb within layouts/application (Duration: 0.7ms | Allocations: 387)
  Rendered layout layouts/application.html.erb (Duration: 11.9ms | Allocations: 4097)
Completed 200 OK in 14ms (Views: 13.8ms | ActiveRecord: 0.0ms | Allocations: 4860)


Started POST "/cats" for ::1 at 2023-01-13 16:12:08 -0800
Processing by CatsController#create as HTML
  Parameters: {"cat"=>{"name"=>"kitty", "birth_date"=>"2023-01-01", "color"=>"grey", "sex"=>"M", "description"=>"wut"}}
  [1m[36mTRANSACTION (0.2ms)[0m  [1m[35mBEGIN[0m
  ↳ app/controllers/cats_controller.rb:10:in `create'
  [1m[36mCat Create (2.6ms)[0m  [1m[32mINSERT INTO "cats" ("birth_date", "color", "name", "sex", "description", "created_at", "updated_at") VALUES ($1, $2, $3, $4, $5, $6, $7) RETURNING "id"[0m  [["birth_date", "2023-01-01"], ["color", "grey"], ["name", "kitty"], ["sex", "M"], ["description", "wut"], ["created_at", "2023-01-14 00:12:08.032341"], ["updated_at", "2023-01-14 00:12:08.032341"]]
  ↳ app/controllers/cats_controller.rb:10:in `create'
  [1m[36mTRANSACTION (0.9ms)[0m  [1m[35mCOMMIT[0m
  ↳ app/controllers/cats_controller.rb:10:in `create'
Redirected to http://localhost:3000/cats/1
Completed 302 Found in 11ms (ActiveRecord: 3.7ms | Allocations: 3928)


Started GET "/cats/1" for ::1 at 2023-01-13 16:12:08 -0800
Processing by CatsController#show as HTML
  Parameters: {"id"=>"1"}
  [1m[36mCat Load (0.3ms)[0m  [1m[34mSELECT "cats".* FROM "cats" WHERE "cats"."id" = $1 LIMIT $2[0m  [["id", 1], ["LIMIT", 1]]
  ↳ app/controllers/cats_controller.rb:28:in `show'
  Rendering layout layouts/application.html.erb
  Rendering cats/show.html.erb within layouts/application
  Rendered cats/show.html.erb within layouts/application (Duration: 2.6ms | Allocations: 1874)
  Rendered layout layouts/application.html.erb (Duration: 2.8ms | Allocations: 1956)
Completed 500 Internal Server Error in 10ms (ActiveRecord: 0.5ms | Allocations: 5831)



ActionView::MissingTemplate - Missing partial cats/_table, cat: @cat, application/_table, cat: @cat with {:locale=>[:en], :formats=>[:html], :variants=>[], :handlers=>[:raw, :erb, :html, :builder, :ruby]}.
Searched in:
  * "/Users/omarcamacho/Desktop/App Academy/classwork/W6D5/ninety-nine-cats/app/views"
Did you mean?  cats/table
               cats/form:
  app/views/cats/show.html.erb:1
  app/controllers/cats_controller.rb:29:in `show'

Started POST "/__better_errors/2201362ed5713f3a/variables" for ::1 at 2023-01-13 16:12:08 -0800
Started GET "/cats/1" for ::1 at 2023-01-13 16:13:40 -0800
Processing by CatsController#show as HTML
  Parameters: {"id"=>"1"}
  [1m[36mCat Load (0.2ms)[0m  [1m[34mSELECT "cats".* FROM "cats" WHERE "cats"."id" = $1 LIMIT $2[0m  [["id", 1], ["LIMIT", 1]]
  ↳ app/controllers/cats_controller.rb:28:in `show'
  Rendering layout layouts/application.html.erb
  Rendering cats/show.html.erb within layouts/application
  Rendered cats/show.html.erb within layouts/application (Duration: 1.1ms | Allocations: 1577)
  Rendered layout layouts/application.html.erb (Duration: 1.3ms | Allocations: 1666)
Completed 500 Internal Server Error in 5ms (ActiveRecord: 0.2ms | Allocations: 2939)



ActionView::SyntaxErrorInTemplate - Encountered a syntax error while rendering template: check <%= render 'table', cat: @cat' %>:
  app/controllers/cats_controller.rb:29:in `show'

Started POST "/__better_errors/9a0499e1d5be0aaa/variables" for ::1 at 2023-01-13 16:13:40 -0800
Started GET "/cats/1" for ::1 at 2023-01-13 16:13:50 -0800
Processing by CatsController#show as HTML
  Parameters: {"id"=>"1"}
  [1m[36mCat Load (0.3ms)[0m  [1m[34mSELECT "cats".* FROM "cats" WHERE "cats"."id" = $1 LIMIT $2[0m  [["id", 1], ["LIMIT", 1]]
  ↳ app/controllers/cats_controller.rb:28:in `show'
  Rendering layout layouts/application.html.erb
  Rendering cats/show.html.erb within layouts/application
  Rendered cats/_table.html.erb (Duration: 1.4ms | Allocations: 201)
  Rendered cats/show.html.erb within layouts/application (Duration: 2.5ms | Allocations: 450)
  Rendered layout layouts/application.html.erb (Duration: 4.9ms | Allocations: 2111)
Completed 200 OK in 8ms (Views: 6.7ms | ActiveRecord: 0.3ms | Allocations: 3391)


Started GET "/cats/1" for ::1 at 2023-01-13 16:16:35 -0800
Processing by CatsController#show as HTML
  Parameters: {"id"=>"1"}
  [1m[36mCat Load (0.3ms)[0m  [1m[34mSELECT "cats".* FROM "cats" WHERE "cats"."id" = $1 LIMIT $2[0m  [["id", 1], ["LIMIT", 1]]
  ↳ app/controllers/cats_controller.rb:28:in `show'
  Rendering layout layouts/application.html.erb
  Rendering cats/show.html.erb within layouts/application
  Rendered cats/_table.html.erb (Duration: 8.5ms | Allocations: 2096)
  Rendered cats/show.html.erb within layouts/application (Duration: 9.4ms | Allocations: 2334)
  Rendered layout layouts/application.html.erb (Duration: 12.1ms | Allocations: 3986)
Completed 200 OK in 16ms (Views: 13.8ms | ActiveRecord: 0.3ms | Allocations: 5267)


Started GET "/cats/new" for ::1 at 2023-01-13 16:16:52 -0800
Processing by CatsController#new as HTML
  Rendering layout layouts/application.html.erb
  Rendering cats/new.html.erb within layouts/application
  Rendered cats/new.html.erb within layouts/application (Duration: 0.7ms | Allocations: 347)
  Rendered layout layouts/application.html.erb (Duration: 3.1ms | Allocations: 1614)
Completed 200 OK in 4ms (Views: 3.9ms | ActiveRecord: 0.0ms | Allocations: 1898)


Started POST "/cats" for ::1 at 2023-01-13 16:17:28 -0800
Processing by CatsController#create as HTML
  Parameters: {"cat"=>{"name"=>"dog", "birth_date"=>"1994-03-17", "color"=>"black", "sex"=>"W", "description"=>"huh"}}
Completed 422 Unprocessable Entity in 2ms (ActiveRecord: 0.0ms | Allocations: 1330)



ActiveRecord::RecordInvalid - Validation failed: Sex W is not a valid sex:
  app/controllers/cats_controller.rb:10:in `create'

Started POST "/__better_errors/d5e91a6b5f7ca045/variables" for ::1 at 2023-01-13 16:17:28 -0800
Started GET "/cats" for ::1 at 2023-01-13 16:18:18 -0800
Processing by CatsController#index as HTML
  Rendering layout layouts/application.html.erb
  Rendering cats/index.html.erb within layouts/application
  [1m[36mCat Load (0.3ms)[0m  [1m[34mSELECT "cats".* FROM "cats"[0m
  ↳ app/views/cats/index.html.erb:1
  Rendered cats/index.html.erb within layouts/application (Duration: 4.4ms | Allocations: 2640)
  Rendered layout layouts/application.html.erb (Duration: 4.7ms | Allocations: 2725)
Completed 500 Internal Server Error in 7ms (ActiveRecord: 0.3ms | Allocations: 3409)



ActionView::MissingTemplate - Missing partial cats/_table, cat: cat, application/_table, cat: cat with {:locale=>[:en], :formats=>[:html], :variants=>[], :handlers=>[:raw, :erb, :html, :builder, :ruby]}.
Searched in:
  * "/Users/omarcamacho/Desktop/App Academy/classwork/W6D5/ninety-nine-cats/app/views"
Did you mean?  cats/table
               cats/form:
  app/views/cats/index.html.erb:2
  app/views/cats/index.html.erb:1
  app/controllers/cats_controller.rb:4:in `index'

Started POST "/__better_errors/4d0683f4621fabc6/variables" for ::1 at 2023-01-13 16:18:18 -0800
Started GET "/cats" for ::1 at 2023-01-13 16:18:43 -0800
Processing by CatsController#index as HTML
  Rendering layout layouts/application.html.erb
  Rendering cats/index.html.erb within layouts/application
  [1m[36mCat Load (0.4ms)[0m  [1m[34mSELECT "cats".* FROM "cats"[0m
  ↳ app/views/cats/index.html.erb:1
  Rendered cats/_table.html.erb (Duration: 0.7ms | Allocations: 271)
  Rendered cats/index.html.erb within layouts/application (Duration: 3.6ms | Allocations: 1203)
  Rendered layout layouts/application.html.erb (Duration: 6.2ms | Allocations: 2861)
Completed 200 OK in 8ms (Views: 7.6ms | ActiveRecord: 0.4ms | Allocations: 3563)


Started GET "/cats/new" for ::1 at 2023-01-13 16:18:48 -0800
Processing by CatsController#new as HTML
  Rendering layout layouts/application.html.erb
  Rendering cats/new.html.erb within layouts/application
  Rendered cats/new.html.erb within layouts/application (Duration: 0.7ms | Allocations: 348)
  Rendered layout layouts/application.html.erb (Duration: 3.1ms | Allocations: 1614)
Completed 200 OK in 4ms (Views: 3.8ms | ActiveRecord: 0.0ms | Allocations: 1898)


Started POST "/cats" for ::1 at 2023-01-13 16:19:10 -0800
Processing by CatsController#create as HTML
  Parameters: {"cat"=>{"name"=>"dog", "birth_date"=>"2009-03-17", "color"=>"orange", "sex"=>"M", "description"=>"huhhh"}}
  [1m[36mTRANSACTION (0.1ms)[0m  [1m[35mBEGIN[0m
  ↳ app/controllers/cats_controller.rb:10:in `create'
  [1m[36mCat Create (0.3ms)[0m  [1m[32mINSERT INTO "cats" ("birth_date", "color", "name", "sex", "description", "created_at", "updated_at") VALUES ($1, $2, $3, $4, $5, $6, $7) RETURNING "id"[0m  [["birth_date", "2009-03-17"], ["color", "orange"], ["name", "dog"], ["sex", "M"], ["description", "huhhh"], ["created_at", "2023-01-14 00:19:10.837372"], ["updated_at", "2023-01-14 00:19:10.837372"]]
  ↳ app/controllers/cats_controller.rb:10:in `create'
  [1m[36mTRANSACTION (0.3ms)[0m  [1m[35mCOMMIT[0m
  ↳ app/controllers/cats_controller.rb:10:in `create'
Redirected to http://localhost:3000/cats/2
Completed 302 Found in 4ms (ActiveRecord: 0.6ms | Allocations: 2099)


Started GET "/cats/2" for ::1 at 2023-01-13 16:19:10 -0800
Processing by CatsController#show as HTML
  Parameters: {"id"=>"2"}
  [1m[36mCat Load (0.2ms)[0m  [1m[34mSELECT "cats".* FROM "cats" WHERE "cats"."id" = $1 LIMIT $2[0m  [["id", 2], ["LIMIT", 1]]
  ↳ app/controllers/cats_controller.rb:28:in `show'
  Rendering layout layouts/application.html.erb
  Rendering cats/show.html.erb within layouts/application
  Rendered cats/_table.html.erb (Duration: 0.6ms | Allocations: 98)
  Rendered cats/show.html.erb within layouts/application (Duration: 1.0ms | Allocations: 244)
  Rendered layout layouts/application.html.erb (Duration: 2.9ms | Allocations: 1511)
Completed 200 OK in 5ms (Views: 3.5ms | ActiveRecord: 0.2ms | Allocations: 2268)


Started GET "/cats/" for ::1 at 2023-01-13 16:19:26 -0800
Processing by CatsController#index as HTML
  Rendering layout layouts/application.html.erb
  Rendering cats/index.html.erb within layouts/application
  [1m[36mCat Load (0.2ms)[0m  [1m[34mSELECT "cats".* FROM "cats"[0m
  ↳ app/views/cats/index.html.erb:1
  Rendered cats/_table.html.erb (Duration: 0.2ms | Allocations: 77)
  Rendered cats/_table.html.erb (Duration: 0.2ms | Allocations: 80)
  Rendered cats/index.html.erb within layouts/application (Duration: 2.1ms | Allocations: 852)
  Rendered layout layouts/application.html.erb (Duration: 4.2ms | Allocations: 2112)
Completed 200 OK in 5ms (Views: 4.4ms | ActiveRecord: 0.2ms | Allocations: 2313)


Started GET "/" for ::1 at 2023-01-13 16:20:22 -0800
Processing by CatsController#index as HTML
  Rendering layout layouts/application.html.erb
  Rendering cats/index.html.erb within layouts/application
  [1m[36mCat Load (0.3ms)[0m  [1m[34mSELECT "cats".* FROM "cats"[0m
  ↳ app/views/cats/index.html.erb:1
  Rendered cats/_table.html.erb (Duration: 0.8ms | Allocations: 272)
  Rendered cats/_table.html.erb (Duration: 0.3ms | Allocations: 86)
  Rendered cats/index.html.erb within layouts/application (Duration: 4.4ms | Allocations: 1356)
  Rendered layout layouts/application.html.erb (Duration: 7.8ms | Allocations: 3026)
Completed 200 OK in 10ms (Views: 9.8ms | ActiveRecord: 0.3ms | Allocations: 3702)


Started GET "/" for ::1 at 2023-01-13 16:20:25 -0800
Processing by CatsController#index as HTML
  Rendering layout layouts/application.html.erb
  Rendering cats/index.html.erb within layouts/application
  [1m[36mCat Load (0.2ms)[0m  [1m[34mSELECT "cats".* FROM "cats"[0m
  ↳ app/views/cats/index.html.erb:1
  Rendered cats/_table.html.erb (Duration: 0.3ms | Allocations: 77)
  Rendered cats/_table.html.erb (Duration: 0.2ms | Allocations: 80)
  Rendered cats/index.html.erb within layouts/application (Duration: 2.5ms | Allocations: 852)
  Rendered layout layouts/application.html.erb (Duration: 4.4ms | Allocations: 2118)
Completed 200 OK in 5ms (Views: 4.5ms | ActiveRecord: 0.2ms | Allocations: 2339)


Started GET "/" for ::1 at 2023-01-13 16:20:42 -0800
  [1m[36mActiveRecord::SchemaMigration Pluck (0.7ms)[0m  [1m[34mSELECT "schema_migrations"."version" FROM "schema_migrations" ORDER BY "schema_migrations"."version" ASC[0m
Processing by CatsController#index as HTML
  Rendering layout layouts/application.html.erb
  Rendering cats/index.html.erb within layouts/application
  [1m[36mCat Load (0.5ms)[0m  [1m[34mSELECT "cats".* FROM "cats"[0m
  ↳ app/views/cats/index.html.erb:1
  Rendered cats/_table.html.erb (Duration: 4.2ms | Allocations: 2178)
  Rendered cats/_table.html.erb (Duration: 0.3ms | Allocations: 97)
  Rendered cats/index.html.erb within layouts/application (Duration: 19.5ms | Allocations: 9246)
  Rendered layout layouts/application.html.erb (Duration: 30.3ms | Allocations: 12967)
Completed 200 OK in 39ms (Views: 32.9ms | ActiveRecord: 4.2ms | Allocations: 16209)


Started GET "/users" for ::1 at 2023-01-13 16:20:46 -0800
  
ActionController::RoutingError (No route matches [GET] "/users"):
  
Started GET "/cats/" for ::1 at 2023-01-13 16:20:50 -0800
Processing by CatsController#index as HTML
  Rendering layout layouts/application.html.erb
  Rendering cats/index.html.erb within layouts/application
  [1m[36mCat Load (0.4ms)[0m  [1m[34mSELECT "cats".* FROM "cats"[0m
  ↳ app/views/cats/index.html.erb:1
  Rendered cats/_table.html.erb (Duration: 0.3ms | Allocations: 115)
  Rendered cats/_table.html.erb (Duration: 0.2ms | Allocations: 87)
  Rendered cats/index.html.erb within layouts/application (Duration: 2.3ms | Allocations: 981)
  Rendered layout layouts/application.html.erb (Duration: 4.9ms | Allocations: 2383)
Completed 200 OK in 6ms (Views: 5.0ms | ActiveRecord: 0.4ms | Allocations: 2645)


Started GET "/cats/" for ::1 at 2023-01-13 16:23:52 -0800
Processing by CatsController#index as HTML
  Rendering layout layouts/application.html.erb
  Rendering cats/index.html.erb within layouts/application
  [1m[36mCat Load (0.2ms)[0m  [1m[34mSELECT "cats".* FROM "cats"[0m
  ↳ app/views/cats/index.html.erb:1
  Rendered cats/_table.html.erb (Duration: 0.6ms | Allocations: 276)
  Rendered cats/_table.html.erb (Duration: 0.2ms | Allocations: 87)
  Rendered cats/index.html.erb within layouts/application (Duration: 16.9ms | Allocations: 1361)
  Rendered layout layouts/application.html.erb (Duration: 19.9ms | Allocations: 3024)
Completed 200 OK in 40ms (Views: 39.3ms | ActiveRecord: 0.2ms | Allocations: 3702)


Started GET "/cats/" for ::1 at 2023-01-13 16:23:53 -0800
Processing by CatsController#index as HTML
  Rendering layout layouts/application.html.erb
  Rendering cats/index.html.erb within layouts/application
  [1m[36mCat Load (0.3ms)[0m  [1m[34mSELECT "cats".* FROM "cats"[0m
  ↳ app/views/cats/index.html.erb:1
  Rendered cats/_table.html.erb (Duration: 0.3ms | Allocations: 77)
  Rendered cats/_table.html.erb (Duration: 0.2ms | Allocations: 80)
  Rendered cats/index.html.erb within layouts/application (Duration: 2.4ms | Allocations: 860)
  Rendered layout layouts/application.html.erb (Duration: 5.4ms | Allocations: 2132)
Completed 200 OK in 7ms (Views: 6.1ms | ActiveRecord: 0.3ms | Allocations: 2361)


Started GET "/cats/" for ::1 at 2023-01-13 16:24:05 -0800
Processing by CatsController#index as HTML
  Rendering layout layouts/application.html.erb
  Rendering cats/index.html.erb within layouts/application
  [1m[36mCat Load (0.3ms)[0m  [1m[34mSELECT "cats".* FROM "cats"[0m
  ↳ app/views/cats/index.html.erb:1
  Rendered cats/_table.html.erb (Duration: 0.6ms | Allocations: 272)
  Rendered cats/_table.html.erb (Duration: 0.2ms | Allocations: 86)
  Rendered cats/index.html.erb within layouts/application (Duration: 3.9ms | Allocations: 1356)
  Rendered layout layouts/application.html.erb (Duration: 7.0ms | Allocations: 3026)
Completed 200 OK in 9ms (Views: 8.5ms | ActiveRecord: 0.3ms | Allocations: 3704)


Started GET "/cats/" for ::1 at 2023-01-13 16:24:06 -0800
Processing by CatsController#index as HTML
  Rendering layout layouts/application.html.erb
  Rendering cats/index.html.erb within layouts/application
  [1m[36mCat Load (0.3ms)[0m  [1m[34mSELECT "cats".* FROM "cats"[0m
  ↳ app/views/cats/index.html.erb:1
  Rendered cats/_table.html.erb (Duration: 0.3ms | Allocations: 77)
  Rendered cats/_table.html.erb (Duration: 0.2ms | Allocations: 80)
  Rendered cats/index.html.erb within layouts/application (Duration: 2.7ms | Allocations: 860)
  Rendered layout layouts/application.html.erb (Duration: 5.2ms | Allocations: 2130)
Completed 200 OK in 6ms (Views: 5.6ms | ActiveRecord: 0.3ms | Allocations: 2362)


Started GET "/cats/" for ::1 at 2023-01-13 16:24:06 -0800
Processing by CatsController#index as HTML
  Rendering layout layouts/application.html.erb
  Rendering cats/index.html.erb within layouts/application
  [1m[36mCat Load (0.2ms)[0m  [1m[34mSELECT "cats".* FROM "cats"[0m
  ↳ app/views/cats/index.html.erb:1
  Rendered cats/_table.html.erb (Duration: 0.2ms | Allocations: 77)
  Rendered cats/_table.html.erb (Duration: 0.2ms | Allocations: 80)
  Rendered cats/index.html.erb within layouts/application (Duration: 2.2ms | Allocations: 859)
  Rendered layout layouts/application.html.erb (Duration: 4.4ms | Allocations: 2120)
Completed 200 OK in 5ms (Views: 4.7ms | ActiveRecord: 0.2ms | Allocations: 2328)


Started GET "/cats/" for ::1 at 2023-01-13 16:24:06 -0800
Processing by CatsController#index as HTML
  Rendering layout layouts/application.html.erb
  Rendering cats/index.html.erb within layouts/application
  [1m[36mCat Load (0.3ms)[0m  [1m[34mSELECT "cats".* FROM "cats"[0m
  ↳ app/views/cats/index.html.erb:1
  Rendered cats/_table.html.erb (Duration: 0.2ms | Allocations: 77)
  Rendered cats/_table.html.erb (Duration: 0.2ms | Allocations: 80)
  Rendered cats/index.html.erb within layouts/application (Duration: 2.2ms | Allocations: 852)
  Rendered layout layouts/application.html.erb (Duration: 4.4ms | Allocations: 2118)
Completed 200 OK in 5ms (Views: 4.5ms | ActiveRecord: 0.3ms | Allocations: 2318)


Started GET "/cats/" for ::1 at 2023-01-13 16:24:06 -0800
Processing by CatsController#index as HTML
  Rendering layout layouts/application.html.erb
  Rendering cats/index.html.erb within layouts/application
  [1m[36mCat Load (0.3ms)[0m  [1m[34mSELECT "cats".* FROM "cats"[0m
  ↳ app/views/cats/index.html.erb:1
  Rendered cats/_table.html.erb (Duration: 0.2ms | Allocations: 77)
  Rendered cats/_table.html.erb (Duration: 0.2ms | Allocations: 80)
  Rendered cats/index.html.erb within layouts/application (Duration: 2.1ms | Allocations: 852)
  Rendered layout layouts/application.html.erb (Duration: 4.5ms | Allocations: 2127)
Completed 200 OK in 6ms (Views: 5.2ms | ActiveRecord: 0.3ms | Allocations: 2328)


Started GET "/cats/" for ::1 at 2023-01-13 16:28:31 -0800
Processing by CatsController#index as HTML
  Rendering layout layouts/application.html.erb
  Rendering cats/index.html.erb within layouts/application
  [1m[36mCat Load (0.2ms)[0m  [1m[34mSELECT "cats".* FROM "cats"[0m
  ↳ app/views/cats/index.html.erb:1
  Rendered cats/_table.html.erb (Duration: 0.8ms | Allocations: 272)
  Rendered cats/_table.html.erb (Duration: 0.3ms | Allocations: 87)
  Rendered cats/index.html.erb within layouts/application (Duration: 3.7ms | Allocations: 1358)
  Rendered layout layouts/application.html.erb (Duration: 6.6ms | Allocations: 2998)
Completed 200 OK in 9ms (Views: 8.2ms | ActiveRecord: 0.2ms | Allocations: 3675)


  [1m[36mActiveRecord::SchemaMigration Pluck (0.6ms)[0m  [1m[34mSELECT "schema_migrations"."version" FROM "schema_migrations" ORDER BY "schema_migrations"."version" ASC[0m
  [1m[36mActiveRecord::InternalMetadata Pluck (1.4ms)[0m  [1m[34mSELECT "ar_internal_metadata"."value" FROM "ar_internal_metadata" WHERE "ar_internal_metadata"."key" = $1 LIMIT $2[0m  [["key", "environment"], ["LIMIT", 1]]
  [1m[36mActiveRecord::SchemaMigration Pluck (0.2ms)[0m  [1m[34mSELECT "schema_migrations"."version" FROM "schema_migrations" ORDER BY "schema_migrations"."version" ASC[0m
  [1m[36mActiveRecord::InternalMetadata Pluck (0.2ms)[0m  [1m[34mSELECT "ar_internal_metadata"."value" FROM "ar_internal_metadata" WHERE "ar_internal_metadata"."key" = $1 LIMIT $2[0m  [["key", "environment"], ["LIMIT", 1]]
  [1m[36mActiveRecord::SchemaMigration Pluck (0.2ms)[0m  [1m[34mSELECT "schema_migrations"."version" FROM "schema_migrations" ORDER BY "schema_migrations"."version" ASC[0m
  [1m[36mActiveRecord::InternalMetadata Pluck (0.2ms)[0m  [1m[34mSELECT "ar_internal_metadata"."value" FROM "ar_internal_metadata" WHERE "ar_internal_metadata"."key" = $1 LIMIT $2[0m  [["key", "environment"], ["LIMIT", 1]]
  [1m[35m (5022.1ms)[0m  [1m[35mDROP DATABASE IF EXISTS "ninety_nine_cats_development"[0m
  [1m[36mActiveRecord::SchemaMigration Pluck (0.5ms)[0m  [1m[34mSELECT "schema_migrations"."version" FROM "schema_migrations" ORDER BY "schema_migrations"."version" ASC[0m
  [1m[36mActiveRecord::InternalMetadata Pluck (0.3ms)[0m  [1m[34mSELECT "ar_internal_metadata"."value" FROM "ar_internal_metadata" WHERE "ar_internal_metadata"."key" = $1 LIMIT $2[0m  [["key", "environment"], ["LIMIT", 1]]
  [1m[36mActiveRecord::SchemaMigration Pluck (0.1ms)[0m  [1m[34mSELECT "schema_migrations"."version" FROM "schema_migrations" ORDER BY "schema_migrations"."version" ASC[0m
  [1m[36mActiveRecord::InternalMetadata Pluck (0.1ms)[0m  [1m[34mSELECT "ar_internal_metadata"."value" FROM "ar_internal_metadata" WHERE "ar_internal_metadata"."key" = $1 LIMIT $2[0m  [["key", "environment"], ["LIMIT", 1]]
  [1m[36mActiveRecord::SchemaMigration Pluck (0.1ms)[0m  [1m[34mSELECT "schema_migrations"."version" FROM "schema_migrations" ORDER BY "schema_migrations"."version" ASC[0m
  [1m[36mActiveRecord::InternalMetadata Pluck (0.2ms)[0m  [1m[34mSELECT "ar_internal_metadata"."value" FROM "ar_internal_metadata" WHERE "ar_internal_metadata"."key" = $1 LIMIT $2[0m  [["key", "environment"], ["LIMIT", 1]]
  [1m[35m (40.7ms)[0m  [1m[35mDROP DATABASE IF EXISTS "ninety_nine_cats_development"[0m
  [1m[35m (47.0ms)[0m  [1m[35mDROP DATABASE IF EXISTS "ninety_nine_cats_test"[0m
  [1m[35m (130.0ms)[0m  [1m[35mCREATE DATABASE "ninety_nine_cats_development" ENCODING = 'unicode'[0m
  [1m[35m (101.4ms)[0m  [1m[35mCREATE DATABASE "ninety_nine_cats_test" ENCODING = 'unicode'[0m
  [1m[35mSQL (0.2ms)[0m  [1m[35mCREATE EXTENSION IF NOT EXISTS "plpgsql"[0m
  [1m[35m (0.1ms)[0m  [1m[35mDROP TABLE IF EXISTS "cats" CASCADE[0m
  [1m[35m (7.5ms)[0m  [1m[35mCREATE TABLE "cats" ("id" bigserial primary key, "birth_date" date NOT NULL, "color" character varying NOT NULL, "name" character varying NOT NULL, "sex" character varying(1) NOT NULL, "description" text, "created_at" timestamp(6) NOT NULL, "updated_at" timestamp(6) NOT NULL)[0m
  [1m[35m (3.3ms)[0m  [1m[35mCREATE TABLE "schema_migrations" ("version" character varying NOT NULL PRIMARY KEY)[0m
  [1m[36mActiveRecord::SchemaMigration Pluck (0.5ms)[0m  [1m[34mSELECT "schema_migrations"."version" FROM "schema_migrations" ORDER BY "schema_migrations"."version" ASC[0m
  [1m[35m (0.6ms)[0m  [1m[32mINSERT INTO "schema_migrations" (version) VALUES (20230113214217)[0m
  [1m[35m (2.2ms)[0m  [1m[35mCREATE TABLE "ar_internal_metadata" ("key" character varying NOT NULL PRIMARY KEY, "value" character varying, "created_at" timestamp(6) NOT NULL, "updated_at" timestamp(6) NOT NULL)[0m
  [1m[36mActiveRecord::InternalMetadata Load (0.4ms)[0m  [1m[34mSELECT "ar_internal_metadata".* FROM "ar_internal_metadata" WHERE "ar_internal_metadata"."key" = $1 LIMIT $2[0m  [["key", "environment"], ["LIMIT", 1]]
  [1m[36mTRANSACTION (0.1ms)[0m  [1m[35mBEGIN[0m
  [1m[36mActiveRecord::InternalMetadata Create (0.4ms)[0m  [1m[32mINSERT INTO "ar_internal_metadata" ("key", "value", "created_at", "updated_at") VALUES ($1, $2, $3, $4) RETURNING "key"[0m  [["key", "environment"], ["value", "development"], ["created_at", "2023-01-14 00:29:02.452864"], ["updated_at", "2023-01-14 00:29:02.452864"]]
  [1m[36mTRANSACTION (0.4ms)[0m  [1m[35mCOMMIT[0m
  [1m[36mActiveRecord::InternalMetadata Load (0.2ms)[0m  [1m[34mSELECT "ar_internal_metadata".* FROM "ar_internal_metadata" WHERE "ar_internal_metadata"."key" = $1 LIMIT $2[0m  [["key", "environment"], ["LIMIT", 1]]
  [1m[36mActiveRecord::InternalMetadata Load (0.2ms)[0m  [1m[34mSELECT "ar_internal_metadata".* FROM "ar_internal_metadata" WHERE "ar_internal_metadata"."key" = $1 LIMIT $2[0m  [["key", "schema_sha1"], ["LIMIT", 1]]
  [1m[36mTRANSACTION (0.1ms)[0m  [1m[35mBEGIN[0m
  [1m[36mActiveRecord::InternalMetadata Create (0.2ms)[0m  [1m[32mINSERT INTO "ar_internal_metadata" ("key", "value", "created_at", "updated_at") VALUES ($1, $2, $3, $4) RETURNING "key"[0m  [["key", "schema_sha1"], ["value", "0a1617f0f983355d316d54b73003af8025ab2fd4"], ["created_at", "2023-01-14 00:29:02.460655"], ["updated_at", "2023-01-14 00:29:02.460655"]]
  [1m[36mTRANSACTION (0.3ms)[0m  [1m[35mCOMMIT[0m
  [1m[35mSQL (0.3ms)[0m  [1m[35mCREATE EXTENSION IF NOT EXISTS "plpgsql"[0m
  [1m[35m (0.1ms)[0m  [1m[35mDROP TABLE IF EXISTS "cats" CASCADE[0m
  [1m[35m (5.0ms)[0m  [1m[35mCREATE TABLE "cats" ("id" bigserial primary key, "birth_date" date NOT NULL, "color" character varying NOT NULL, "name" character varying NOT NULL, "sex" character varying(1) NOT NULL, "description" text, "created_at" timestamp(6) NOT NULL, "updated_at" timestamp(6) NOT NULL)[0m
  [1m[35m (2.2ms)[0m  [1m[35mCREATE TABLE "schema_migrations" ("version" character varying NOT NULL PRIMARY KEY)[0m
  [1m[36mActiveRecord::SchemaMigration Pluck (0.4ms)[0m  [1m[34mSELECT "schema_migrations"."version" FROM "schema_migrations" ORDER BY "schema_migrations"."version" ASC[0m
  [1m[35m (0.5ms)[0m  [1m[32mINSERT INTO "schema_migrations" (version) VALUES (20230113214217)[0m
  [1m[35m (2.0ms)[0m  [1m[35mCREATE TABLE "ar_internal_metadata" ("key" character varying NOT NULL PRIMARY KEY, "value" character varying, "created_at" timestamp(6) NOT NULL, "updated_at" timestamp(6) NOT NULL)[0m
  [1m[36mActiveRecord::InternalMetadata Load (0.3ms)[0m  [1m[34mSELECT "ar_internal_metadata".* FROM "ar_internal_metadata" WHERE "ar_internal_metadata"."key" = $1 LIMIT $2[0m  [["key", "environment"], ["LIMIT", 1]]
  [1m[36mTRANSACTION (0.1ms)[0m  [1m[35mBEGIN[0m
  [1m[36mActiveRecord::InternalMetadata Create (0.4ms)[0m  [1m[32mINSERT INTO "ar_internal_metadata" ("key", "value", "created_at", "updated_at") VALUES ($1, $2, $3, $4) RETURNING "key"[0m  [["key", "environment"], ["value", "development"], ["created_at", "2023-01-14 00:29:02.507262"], ["updated_at", "2023-01-14 00:29:02.507262"]]
  [1m[36mTRANSACTION (0.3ms)[0m  [1m[35mCOMMIT[0m
  [1m[36mActiveRecord::InternalMetadata Load (0.2ms)[0m  [1m[34mSELECT "ar_internal_metadata".* FROM "ar_internal_metadata" WHERE "ar_internal_metadata"."key" = $1 LIMIT $2[0m  [["key", "environment"], ["LIMIT", 1]]
  [1m[36mTRANSACTION (0.1ms)[0m  [1m[35mBEGIN[0m
  [1m[36mActiveRecord::InternalMetadata Update (0.3ms)[0m  [1m[33mUPDATE "ar_internal_metadata" SET "value" = $1, "updated_at" = $2 WHERE "ar_internal_metadata"."key" = $3[0m  [["value", "test"], ["updated_at", "2023-01-14 00:29:02.512337"], ["key", "environment"]]
  [1m[36mTRANSACTION (0.2ms)[0m  [1m[35mCOMMIT[0m
  [1m[36mActiveRecord::InternalMetadata Load (0.2ms)[0m  [1m[34mSELECT "ar_internal_metadata".* FROM "ar_internal_metadata" WHERE "ar_internal_metadata"."key" = $1 LIMIT $2[0m  [["key", "schema_sha1"], ["LIMIT", 1]]
  [1m[36mTRANSACTION (0.1ms)[0m  [1m[35mBEGIN[0m
  [1m[36mActiveRecord::InternalMetadata Create (0.2ms)[0m  [1m[32mINSERT INTO "ar_internal_metadata" ("key", "value", "created_at", "updated_at") VALUES ($1, $2, $3, $4) RETURNING "key"[0m  [["key", "schema_sha1"], ["value", "0a1617f0f983355d316d54b73003af8025ab2fd4"], ["created_at", "2023-01-14 00:29:02.517101"], ["updated_at", "2023-01-14 00:29:02.517101"]]
  [1m[36mTRANSACTION (0.3ms)[0m  [1m[35mCOMMIT[0m
  [1m[36mActiveRecord::SchemaMigration Pluck (0.6ms)[0m  [1m[34mSELECT "schema_migrations"."version" FROM "schema_migrations" ORDER BY "schema_migrations"."version" ASC[0m
Started GET "/cats/" for ::1 at 2023-01-13 16:29:19 -0800
  [1m[36mActiveRecord::SchemaMigration Pluck (0.9ms)[0m  [1m[34mSELECT "schema_migrations"."version" FROM "schema_migrations" ORDER BY "schema_migrations"."version" ASC[0m
Processing by CatsController#index as HTML
  Rendering layout layouts/application.html.erb
  Rendering cats/index.html.erb within layouts/application
  [1m[36mCat Load (0.6ms)[0m  [1m[34mSELECT "cats".* FROM "cats"[0m
  ↳ app/views/cats/index.html.erb:1
  Rendered cats/index.html.erb within layouts/application (Duration: 2.8ms | Allocations: 1238)
  Rendered layout layouts/application.html.erb (Duration: 14.0ms | Allocations: 4949)
Completed 200 OK in 23ms (Views: 20.2ms | ActiveRecord: 0.6ms | Allocations: 8187)


